<?xml version="1.0" encoding="UTF-8"?>
<?xml-stylesheet type="text/xsl" href="ivy-report.xsl"?>
<ivy-report version="1.0">
	<info
		organisation="com.example"
		module="testconverter$sources_javadoc_2.10"
		revision="1.0-SNAPSHOT"
		conf="test"
		confs="compile, runtime, test, provided, optional, compile-internal, runtime-internal, test-internal, plugin, sources, docs, pom"
		date="20130218154802"/>
	<dependencies>
		<module organisation="org.neo4j" name="neo4j-rest-graphdb">
			<revision name="1.9.M04" status="release" pubdate="20130206165620" resolver="Neo4j Cypher DSL Repository" artresolver="Neo4j Cypher DSL Repository" homepage="" downloaded="false" searched="false" default="false" conf="default(compile), default, compile, runtime, master" position="42">
				<license name="GNU General Public License, Version 3" url="http://www.gnu.org/licenses/gpl-3.0-standalone.html"/>
				<metadata-artifact status="no" details="" size="17406" time="0" location="/Users/michaelazerhad/.ivy2/cache/org.neo4j/neo4j-rest-graphdb/ivy-1.9.M04.xml" searched="false" origin-is-local="false" origin-location="http://m2.neo4j.org/content/repositories/releases/org/neo4j/neo4j-rest-graphdb/1.9.M04/neo4j-rest-graphdb-1.9.M04.pom"/>
				<caller organisation="com.example" name="testconverter$sources_javadoc_2.10" conf="test, compile, runtime" rev="1.9.M04" rev-constraint-default="1.9.M04" rev-constraint-dynamic="1.9.M04" callerrev="1.0-SNAPSHOT"/>
				<artifacts>
					<artifact name="neo4j-rest-graphdb" type="src" ext="jar" extra-classifier="sources" status="successful" details="" size="129341" time="1251" location="/Users/michaelazerhad/.ivy2/cache/org.neo4j/neo4j-rest-graphdb/srcs/neo4j-rest-graphdb-1.9.M04-sources.jar">
						<origin-location is-local="false" location="http://m2.neo4j.org/content/repositories/releases/org/neo4j/neo4j-rest-graphdb/1.9.M04/neo4j-rest-graphdb-1.9.M04-sources.jar"/>
					</artifact>
					<artifact name="neo4j-rest-graphdb" type="doc" ext="jar" extra-classifier="javadoc" status="successful" details="" size="481268" time="3423" location="/Users/michaelazerhad/.ivy2/cache/org.neo4j/neo4j-rest-graphdb/docs/neo4j-rest-graphdb-1.9.M04-javadoc.jar">
						<origin-location is-local="false" location="http://m2.neo4j.org/content/repositories/releases/org/neo4j/neo4j-rest-graphdb/1.9.M04/neo4j-rest-graphdb-1.9.M04-javadoc.jar"/>
					</artifact>
					<artifact name="neo4j-rest-graphdb" type="jar" ext="jar" status="no" details="" size="173351" time="0" location="/Users/michaelazerhad/.ivy2/cache/org.neo4j/neo4j-rest-graphdb/jars/neo4j-rest-graphdb-1.9.M04.jar">
						<origin-location is-local="false" location="http://m2.neo4j.org/content/repositories/releases/org/neo4j/neo4j-rest-graphdb/1.9.M04/neo4j-rest-graphdb-1.9.M04.jar"/>
					</artifact>
				</artifacts>
			</revision>
		</module>
		<module organisation="org.neo4j" name="server-api">
			<revision name="1.9.M04" status="release" pubdate="20130118120242" resolver="Neo4j Cypher DSL Repository" artresolver="Neo4j Cypher DSL Repository" homepage="http://components.neo4j.org/${project.artifactId}/${project.version}" downloaded="false" searched="false" default="false" conf="default(compile), default, compile, runtime, master" position="43">
				<license name="GNU General Public License, Version 3" url="http://www.gnu.org/licenses/gpl-3.0-standalone.html"/>
				<metadata-artifact status="no" details="" size="15537" time="0" location="/Users/michaelazerhad/.ivy2/cache/org.neo4j/server-api/ivy-1.9.M04.xml" searched="false" origin-is-local="false" origin-location="http://m2.neo4j.org/content/repositories/releases/org/neo4j/server-api/1.9.M04/server-api-1.9.M04.pom"/>
				<caller organisation="com.example" name="testconverter$sources_javadoc_2.10" conf="test, compile, runtime" rev="1.9.M04" rev-constraint-default="1.9.M04" rev-constraint-dynamic="1.9.M04" callerrev="1.0-SNAPSHOT"/>
				<artifacts>
					<artifact name="server-api" type="doc" ext="jar" extra-classifier="javadoc" status="successful" details="" size="212869" time="1963" location="/Users/michaelazerhad/.ivy2/cache/org.neo4j/server-api/docs/server-api-1.9.M04-javadoc.jar">
						<origin-location is-local="false" location="http://m2.neo4j.org/content/repositories/releases/org/neo4j/server-api/1.9.M04/server-api-1.9.M04-javadoc.jar"/>
					</artifact>
					<artifact name="server-api" type="src" ext="jar" extra-classifier="sources" status="successful" details="" size="73350" time="880" location="/Users/michaelazerhad/.ivy2/cache/org.neo4j/server-api/srcs/server-api-1.9.M04-sources.jar">
						<origin-location is-local="false" location="http://m2.neo4j.org/content/repositories/releases/org/neo4j/server-api/1.9.M04/server-api-1.9.M04-sources.jar"/>
					</artifact>
					<artifact name="server-api" type="jar" ext="jar" status="no" details="" size="119295" time="0" location="/Users/michaelazerhad/.ivy2/cache/org.neo4j/server-api/jars/server-api-1.9.M04.jar">
						<origin-location is-local="false" location="http://m2.neo4j.org/content/repositories/releases/org/neo4j/server-api/1.9.M04/server-api-1.9.M04.jar"/>
					</artifact>
				</artifacts>
			</revision>
		</module>
		<module organisation="commons-digester" name="commons-digester">
			<revision name="1.8.1" status="release" pubdate="20120113010201" resolver="Spring Release Repository" artresolver="Spring Release Repository" homepage="http://commons.apache.org/digester/" downloaded="false" searched="false" default="false" conf="default(compile), default, compile, runtime, master" position="49">
				<metadata-artifact status="no" details="" size="5149" time="0" location="/Users/michaelazerhad/.ivy2/cache/commons-digester/commons-digester/ivy-1.8.1.xml" searched="false" origin-is-local="false" origin-location="https://repo.springsource.org/libs-release/commons-digester/commons-digester/1.8.1/commons-digester-1.8.1.pom"/>
				<caller organisation="com.example" name="testconverter$sources_javadoc_2.10" conf="test, compile, runtime" rev="1.8.1" rev-constraint-default="1.8.1" rev-constraint-dynamic="1.8.1" callerrev="1.0-SNAPSHOT"/>
				<artifacts>
					<artifact name="commons-digester" type="src" ext="jar" extra-classifier="sources" status="successful" details="" size="207836" time="931" location="/Users/michaelazerhad/.ivy2/cache/commons-digester/commons-digester/srcs/commons-digester-1.8.1-sources.jar">
						<origin-location is-local="false" location="https://repo.springsource.org/libs-release/commons-digester/commons-digester/1.8.1/commons-digester-1.8.1-sources.jar"/>
					</artifact>
					<artifact name="commons-digester" type="doc" ext="jar" extra-classifier="javadoc" status="failed" details="missing artifact" size="0" time="110"/>
					<artifact name="commons-digester" type="jar" ext="jar" status="no" details="" size="146108" time="0" location="/Users/michaelazerhad/.ivy2/cache/commons-digester/commons-digester/jars/commons-digester-1.8.1.jar">
						<origin-location is-local="false" location="https://repo.springsource.org/libs-release/commons-digester/commons-digester/1.8.1/commons-digester-1.8.1.jar"/>
					</artifact>
				</artifacts>
			</revision>
		</module>
		<module organisation="commons-beanutils" name="commons-beanutils">
			<revision name="1.8.0" status="release" pubdate="20120113010201" resolver="Spring Release Repository" artresolver="Spring Release Repository" homepage="http://commons.apache.org/beanutils/" downloaded="false" searched="false" default="false" conf="default(compile), default, compile, runtime, master" position="50">
				<metadata-artifact status="no" details="" size="5174" time="0" location="/Users/michaelazerhad/.ivy2/cache/commons-beanutils/commons-beanutils/ivy-1.8.0.xml" searched="false" origin-is-local="false" origin-location="https://repo.springsource.org/libs-release/commons-beanutils/commons-beanutils/1.8.0/commons-beanutils-1.8.0.pom"/>
				<caller organisation="com.example" name="testconverter$sources_javadoc_2.10" conf="test, compile, runtime" rev="1.8.0" rev-constraint-default="1.8.0" rev-constraint-dynamic="1.8.0" callerrev="1.0-SNAPSHOT"/>
				<artifacts>
					<artifact name="commons-beanutils" type="jar" ext="jar" status="no" details="" size="231320" time="0" location="/Users/michaelazerhad/.ivy2/cache/commons-beanutils/commons-beanutils/jars/commons-beanutils-1.8.0.jar">
						<origin-location is-local="false" location="https://repo.springsource.org/libs-release/commons-beanutils/commons-beanutils/1.8.0/commons-beanutils-1.8.0.jar"/>
					</artifact>
					<artifact name="commons-beanutils" type="doc" ext="jar" extra-classifier="javadoc" status="failed" details="missing artifact" size="0" time="112"/>
					<artifact name="commons-beanutils" type="src" ext="jar" extra-classifier="sources" status="successful" details="" size="295368" time="875" location="/Users/michaelazerhad/.ivy2/cache/commons-beanutils/commons-beanutils/srcs/commons-beanutils-1.8.0-sources.jar">
						<origin-location is-local="false" location="https://repo.springsource.org/libs-release/commons-beanutils/commons-beanutils/1.8.0/commons-beanutils-1.8.0-sources.jar"/>
					</artifact>
				</artifacts>
			</revision>
		</module>
		<module organisation="org.neo4j.3rdparty.javax.ws.rs" name="jsr311-api">
			<revision name="1.1.2.r612" status="release" pubdate="20120507163838" resolver="releases" artresolver="releases" homepage="https://jsr311.dev.java.net" downloaded="false" searched="false" default="false" conf="default(compile), default, compile, runtime, master" position="44">
				<license name="CDDL 1.1" url="https://glassfish.dev.java.net/public/CDDL+GPL_1_1.html"/>
				<license name="GPL2 w/ CPE" url="https://glassfish.dev.java.net/public/CDDL+GPL_1_1.html"/>
				<metadata-artifact status="no" details="" size="2979" time="0" location="/Users/michaelazerhad/.ivy2/cache/org.neo4j.3rdparty.javax.ws.rs/jsr311-api/ivy-1.1.2.r612.xml" searched="false" origin-is-local="false" origin-location="http://oss.sonatype.org/content/repositories/releases/org/neo4j/3rdparty/javax/ws/rs/jsr311-api/1.1.2.r612/jsr311-api-1.1.2.r612.pom"/>
				<caller organisation="com.example" name="testconverter$sources_javadoc_2.10" conf="test, compile, runtime" rev="1.1.2.r612" rev-constraint-default="1.1.2.r612" rev-constraint-dynamic="1.1.2.r612" callerrev="1.0-SNAPSHOT"/>
				<artifacts>
					<artifact name="jsr311-api" type="doc" ext="jar" extra-classifier="javadoc" status="successful" details="" size="322567" time="3353" location="/Users/michaelazerhad/.ivy2/cache/org.neo4j.3rdparty.javax.ws.rs/jsr311-api/docs/jsr311-api-1.1.2.r612-javadoc.jar">
						<origin-location is-local="false" location="http://oss.sonatype.org/content/repositories/releases/org/neo4j/3rdparty/javax/ws/rs/jsr311-api/1.1.2.r612/jsr311-api-1.1.2.r612-javadoc.jar"/>
					</artifact>
					<artifact name="jsr311-api" type="src" ext="jar" extra-classifier="sources" status="successful" details="" size="101908" time="1781" location="/Users/michaelazerhad/.ivy2/cache/org.neo4j.3rdparty.javax.ws.rs/jsr311-api/srcs/jsr311-api-1.1.2.r612-sources.jar">
						<origin-location is-local="false" location="http://oss.sonatype.org/content/repositories/releases/org/neo4j/3rdparty/javax/ws/rs/jsr311-api/1.1.2.r612/jsr311-api-1.1.2.r612-sources.jar"/>
					</artifact>
					<artifact name="jsr311-api" type="jar" ext="jar" status="no" details="" size="47900" time="0" location="/Users/michaelazerhad/.ivy2/cache/org.neo4j.3rdparty.javax.ws.rs/jsr311-api/jars/jsr311-api-1.1.2.r612.jar">
						<origin-location is-local="false" location="http://oss.sonatype.org/content/repositories/releases/org/neo4j/3rdparty/javax/ws/rs/jsr311-api/1.1.2.r612/jsr311-api-1.1.2.r612.jar"/>
					</artifact>
				</artifacts>
			</revision>
		</module>
		<module organisation="org.springframework.data" name="spring-data-neo4j-rest">
			<revision name="2.1.0.RELEASE" status="release" pubdate="20121021213055" resolver="Spring Release Repository" artresolver="Spring Release Repository" homepage="http://www.springsource.org/spring-data/neo4j" downloaded="false" searched="false" default="false" conf="default(compile), default, compile, runtime, master" position="36">
				<metadata-artifact status="no" details="" size="24813" time="0" location="/Users/michaelazerhad/.ivy2/cache/org.springframework.data/spring-data-neo4j-rest/ivy-2.1.0.RELEASE.xml" searched="false" origin-is-local="false" origin-location="https://repo.springsource.org/libs-release/org/springframework/data/spring-data-neo4j-rest/2.1.0.RELEASE/spring-data-neo4j-rest-2.1.0.RELEASE.pom"/>
				<caller organisation="com.example" name="testconverter$sources_javadoc_2.10" conf="test, compile, runtime" rev="2.1.0.RELEASE" rev-constraint-default="2.1.0.RELEASE" rev-constraint-dynamic="2.1.0.RELEASE" callerrev="1.0-SNAPSHOT"/>
				<artifacts>
					<artifact name="spring-data-neo4j-rest" type="src" ext="jar" extra-classifier="sources" status="successful" details="" size="7646" time="637" location="/Users/michaelazerhad/.ivy2/cache/org.springframework.data/spring-data-neo4j-rest/srcs/spring-data-neo4j-rest-2.1.0.RELEASE-sources.jar">
						<origin-location is-local="false" location="https://repo.springsource.org/libs-release/org/springframework/data/spring-data-neo4j-rest/2.1.0.RELEASE/spring-data-neo4j-rest-2.1.0.RELEASE-sources.jar"/>
					</artifact>
					<artifact name="spring-data-neo4j-rest" type="doc" ext="jar" extra-classifier="javadoc" status="successful" details="" size="34941" time="771" location="/Users/michaelazerhad/.ivy2/cache/org.springframework.data/spring-data-neo4j-rest/docs/spring-data-neo4j-rest-2.1.0.RELEASE-javadoc.jar">
						<origin-location is-local="false" location="https://repo.springsource.org/libs-release/org/springframework/data/spring-data-neo4j-rest/2.1.0.RELEASE/spring-data-neo4j-rest-2.1.0.RELEASE-javadoc.jar"/>
					</artifact>
					<artifact name="spring-data-neo4j-rest" type="jar" ext="jar" status="no" details="" size="15218" time="0" location="/Users/michaelazerhad/.ivy2/cache/org.springframework.data/spring-data-neo4j-rest/jars/spring-data-neo4j-rest-2.1.0.RELEASE.jar">
						<origin-location is-local="false" location="https://repo.springsource.org/libs-release/org/springframework/data/spring-data-neo4j-rest/2.1.0.RELEASE/spring-data-neo4j-rest-2.1.0.RELEASE.jar"/>
					</artifact>
				</artifacts>
			</revision>
		</module>
		<module organisation="com.sun.jersey" name="jersey-client">
			<revision name="1.4" status="release" pubdate="20100911233501" resolver="public" artresolver="public" homepage="" downloaded="false" searched="false" default="false" conf="default(compile), default, compile, runtime, master" position="40">
				<metadata-artifact status="no" details="" size="3260" time="0" location="/Users/michaelazerhad/.ivy2/cache/com.sun.jersey/jersey-client/ivy-1.4.xml" searched="false" origin-is-local="false" origin-location="http://repo1.maven.org/maven2/com/sun/jersey/jersey-client/1.4/jersey-client-1.4.pom"/>
				<caller organisation="com.example" name="testconverter$sources_javadoc_2.10" conf="test, compile, runtime" rev="1.4" rev-constraint-default="1.4" rev-constraint-dynamic="1.4" callerrev="1.0-SNAPSHOT"/>
				<artifacts>
					<artifact name="jersey-client" type="jar" ext="jar" status="successful" details="" size="124421" time="298" location="/Users/michaelazerhad/.ivy2/cache/com.sun.jersey/jersey-client/jars/jersey-client-1.4.jar">
						<origin-location is-local="false" location="http://repo1.maven.org/maven2/com/sun/jersey/jersey-client/1.4/jersey-client-1.4.jar"/>
					</artifact>
					<artifact name="jersey-client" type="src" ext="jar" extra-classifier="sources" status="successful" details="" size="112846" time="458" location="/Users/michaelazerhad/.ivy2/cache/com.sun.jersey/jersey-client/srcs/jersey-client-1.4-sources.jar">
						<origin-location is-local="false" location="http://repo1.maven.org/maven2/com/sun/jersey/jersey-client/1.4/jersey-client-1.4-sources.jar"/>
					</artifact>
					<artifact name="jersey-client" type="doc" ext="jar" extra-classifier="javadoc" status="successful" details="" size="378468" time="2066" location="/Users/michaelazerhad/.ivy2/cache/com.sun.jersey/jersey-client/docs/jersey-client-1.4-javadoc.jar">
						<origin-location is-local="false" location="http://repo1.maven.org/maven2/com/sun/jersey/jersey-client/1.4/jersey-client-1.4-javadoc.jar"/>
					</artifact>
				</artifacts>
			</revision>
		</module>
		<module organisation="com.sun.jersey" name="jersey-core">
			<revision name="1.4" status="release" pubdate="20120221131126" resolver="Spring Release Repository" artresolver="Spring Release Repository" homepage="" downloaded="false" searched="false" default="false" conf="default(compile), default, compile, runtime, master" position="41">
				<metadata-artifact status="no" details="" size="3561" time="0" location="/Users/michaelazerhad/.ivy2/cache/com.sun.jersey/jersey-core/ivy-1.4.xml" searched="false" origin-is-local="false" origin-location="https://repo.springsource.org/libs-release/com/sun/jersey/jersey-core/1.4/jersey-core-1.4.pom"/>
				<caller organisation="com.example" name="testconverter$sources_javadoc_2.10" conf="test, compile, runtime" rev="1.4" rev-constraint-default="1.4" rev-constraint-dynamic="1.4" callerrev="1.0-SNAPSHOT"/>
				<artifacts>
					<artifact name="jersey-core" type="jar" ext="jar" status="successful" details="" size="455517" time="1606" location="/Users/michaelazerhad/.ivy2/cache/com.sun.jersey/jersey-core/jars/jersey-core-1.4.jar">
						<origin-location is-local="false" location="https://repo.springsource.org/libs-release/com/sun/jersey/jersey-core/1.4/jersey-core-1.4.jar"/>
					</artifact>
					<artifact name="jersey-core" type="src" ext="jar" extra-classifier="sources" status="successful" details="" size="427969" time="921" location="/Users/michaelazerhad/.ivy2/cache/com.sun.jersey/jersey-core/srcs/jersey-core-1.4-sources.jar">
						<origin-location is-local="false" location="https://repo.springsource.org/libs-release/com/sun/jersey/jersey-core/1.4/jersey-core-1.4-sources.jar"/>
					</artifact>
					<artifact name="jersey-core" type="doc" ext="jar" extra-classifier="javadoc" status="failed" details="missing artifact" size="0" time="482"/>
				</artifacts>
			</revision>
		</module>
		<module organisation="org.codehaus.jackson" name="jackson-jaxrs">
			<revision name="1.9.7" status="release" pubdate="20121015123819" resolver="Spring Release Repository" artresolver="Spring Release Repository" homepage="http://jackson.codehaus.org" downloaded="false" searched="false" default="false" conf="default(compile), default, compile, runtime, master" position="37">
				<license name="The Apache Software License, Version 2.0" url="http://www.apache.org/licenses/LICENSE-2.0.txt"/>
				<license name="GNU Lesser General Public License (LGPL), Version 2.1" url="http://www.fsf.org/licensing/licenses/lgpl.txt"/>
				<metadata-artifact status="no" details="" size="2934" time="0" location="/Users/michaelazerhad/.ivy2/cache/org.codehaus.jackson/jackson-jaxrs/ivy-1.9.7.xml" searched="false" origin-is-local="false" origin-location="https://repo.springsource.org/libs-release/org/codehaus/jackson/jackson-jaxrs/1.9.7/jackson-jaxrs-1.9.7.pom"/>
				<caller organisation="com.example" name="testconverter$sources_javadoc_2.10" conf="test, compile, runtime" rev="1.9.7" rev-constraint-default="1.9.7" rev-constraint-dynamic="1.9.7" callerrev="1.0-SNAPSHOT"/>
				<artifacts>
					<artifact name="jackson-jaxrs" type="doc" ext="jar" extra-classifier="javadoc" status="failed" details="missing artifact" size="0" time="131"/>
					<artifact name="jackson-jaxrs" type="src" ext="jar" extra-classifier="sources" status="successful" details="" size="11890" time="535" location="/Users/michaelazerhad/.ivy2/cache/org.codehaus.jackson/jackson-jaxrs/srcs/jackson-jaxrs-1.9.7-sources.jar">
						<origin-location is-local="false" location="https://repo.springsource.org/libs-release/org/codehaus/jackson/jackson-jaxrs/1.9.7/jackson-jaxrs-1.9.7-sources.jar"/>
					</artifact>
					<artifact name="jackson-jaxrs" type="jar" ext="jar" status="no" details="" size="18324" time="0" location="/Users/michaelazerhad/.ivy2/cache/org.codehaus.jackson/jackson-jaxrs/jars/jackson-jaxrs-1.9.7.jar">
						<origin-location is-local="false" location="https://repo.springsource.org/libs-release/org/codehaus/jackson/jackson-jaxrs/1.9.7/jackson-jaxrs-1.9.7.jar"/>
					</artifact>
				</artifacts>
			</revision>
		</module>
		<module organisation="asm" name="asm-all">
			<revision name="3.1" status="release" pubdate="20080120113142" resolver="public" artresolver="public" homepage="" downloaded="false" searched="false" default="false" conf="default(compile), default, compile, runtime, master" position="35">
				<metadata-artifact status="no" details="" size="2808" time="0" location="/Users/michaelazerhad/.ivy2/cache/asm/asm-all/ivy-3.1.xml" searched="false" origin-is-local="false" origin-location="http://repo1.maven.org/maven2/asm/asm-all/3.1/asm-all-3.1.pom"/>
				<caller organisation="com.example" name="testconverter$sources_javadoc_2.10" conf="test, compile, runtime" rev="3.1" rev-constraint-default="3.1" rev-constraint-dynamic="3.1" callerrev="1.0-SNAPSHOT"/>
				<artifacts>
					<artifact name="asm-all" type="src" ext="jar" extra-classifier="sources" status="successful" details="" size="336609" time="1117" location="/Users/michaelazerhad/.ivy2/cache/asm/asm-all/srcs/asm-all-3.1-sources.jar">
						<origin-location is-local="false" location="http://repo1.maven.org/maven2/asm/asm-all/3.1/asm-all-3.1-sources.jar"/>
					</artifact>
					<artifact name="asm-all" type="doc" ext="jar" extra-classifier="javadoc" status="failed" details="missing artifact" size="0" time="219"/>
					<artifact name="asm-all" type="jar" ext="jar" status="no" details="" size="200050" time="0" location="/Users/michaelazerhad/.ivy2/cache/asm/asm-all/jars/asm-all-3.1.jar">
						<origin-location is-local="false" location="http://repo1.maven.org/maven2/asm/asm-all/3.1/asm-all-3.1.jar"/>
					</artifact>
				</artifacts>
			</revision>
		</module>
		<module organisation="org.neo4j" name="neo4j">
			<revision name="1.9.M04" status="release" pubdate="20130118120234" resolver="Neo4j Cypher DSL Repository" artresolver="Neo4j Cypher DSL Repository" homepage="http://components.neo4j.org/${project.artifactId}/${project.version}" downloaded="false" searched="false" default="false" conf="default(compile), default, compile, runtime, master" position="27">
				<license name="GNU General Public License, Version 3" url="http://www.gnu.org/licenses/gpl-3.0-standalone.html"/>
				<metadata-artifact status="no" details="" size="16153" time="0" location="/Users/michaelazerhad/.ivy2/cache/org.neo4j/neo4j/ivy-1.9.M04.xml" searched="false" origin-is-local="false" origin-location="http://m2.neo4j.org/content/repositories/releases/org/neo4j/neo4j/1.9.M04/neo4j-1.9.M04.pom"/>
				<caller organisation="com.example" name="testconverter$sources_javadoc_2.10" conf="test, compile, runtime" rev="1.9.M04" rev-constraint-default="1.9.M04" rev-constraint-dynamic="1.9.M04" callerrev="1.0-SNAPSHOT"/>
				<artifacts>
					<artifact name="neo4j" type="doc" ext="jar" extra-classifier="javadoc" status="successful" details="" size="1671806" time="18997" location="/Users/michaelazerhad/.ivy2/cache/org.neo4j/neo4j/docs/neo4j-1.9.M04-javadoc.jar">
						<origin-location is-local="false" location="http://m2.neo4j.org/content/repositories/releases/org/neo4j/neo4j/1.9.M04/neo4j-1.9.M04-javadoc.jar"/>
					</artifact>
					<artifact name="neo4j" type="src" ext="jar" extra-classifier="sources" status="successful" details="" size="19683" time="744" location="/Users/michaelazerhad/.ivy2/cache/org.neo4j/neo4j/srcs/neo4j-1.9.M04-sources.jar">
						<origin-location is-local="false" location="http://m2.neo4j.org/content/repositories/releases/org/neo4j/neo4j/1.9.M04/neo4j-1.9.M04-sources.jar"/>
					</artifact>
					<artifact name="neo4j" type="jar" ext="jar" status="no" details="" size="23141" time="0" location="/Users/michaelazerhad/.ivy2/cache/org.neo4j/neo4j/jars/neo4j-1.9.M04.jar">
						<origin-location is-local="false" location="http://m2.neo4j.org/content/repositories/releases/org/neo4j/neo4j/1.9.M04/neo4j-1.9.M04.jar"/>
					</artifact>
				</artifacts>
			</revision>
		</module>
		<module organisation="org.neo4j" name="neo4j-jmx">
			<revision name="1.9.M04" status="release" pubdate="20130118120121" resolver="Neo4j Cypher DSL Repository" artresolver="Neo4j Cypher DSL Repository" homepage="http://components.neo4j.org/${project.artifactId}/${project.version}" downloaded="false" searched="false" default="false" conf="default(compile), default, compile, runtime, master" position="34">
				<license name="GNU General Public License, Version 3" url="http://www.gnu.org/licenses/gpl-3.0-standalone.html"/>
				<metadata-artifact status="no" details="" size="15126" time="0" location="/Users/michaelazerhad/.ivy2/cache/org.neo4j/neo4j-jmx/ivy-1.9.M04.xml" searched="false" origin-is-local="false" origin-location="http://m2.neo4j.org/content/repositories/releases/org/neo4j/neo4j-jmx/1.9.M04/neo4j-jmx-1.9.M04.pom"/>
				<caller organisation="com.example" name="testconverter$sources_javadoc_2.10" conf="test, compile, runtime" rev="1.9.M04" rev-constraint-default="1.9.M04" rev-constraint-dynamic="1.9.M04" callerrev="1.0-SNAPSHOT"/>
				<artifacts>
					<artifact name="neo4j-jmx" type="jar" ext="jar" status="no" details="" size="47387" time="0" location="/Users/michaelazerhad/.ivy2/cache/org.neo4j/neo4j-jmx/jars/neo4j-jmx-1.9.M04.jar">
						<origin-location is-local="false" location="http://m2.neo4j.org/content/repositories/releases/org/neo4j/neo4j-jmx/1.9.M04/neo4j-jmx-1.9.M04.jar"/>
					</artifact>
					<artifact name="neo4j-jmx" type="src" ext="jar" extra-classifier="sources" status="successful" details="" size="38694" time="578" location="/Users/michaelazerhad/.ivy2/cache/org.neo4j/neo4j-jmx/srcs/neo4j-jmx-1.9.M04-sources.jar">
						<origin-location is-local="false" location="http://m2.neo4j.org/content/repositories/releases/org/neo4j/neo4j-jmx/1.9.M04/neo4j-jmx-1.9.M04-sources.jar"/>
					</artifact>
					<artifact name="neo4j-jmx" type="doc" ext="jar" extra-classifier="javadoc" status="successful" details="" size="39467" time="635" location="/Users/michaelazerhad/.ivy2/cache/org.neo4j/neo4j-jmx/docs/neo4j-jmx-1.9.M04-javadoc.jar">
						<origin-location is-local="false" location="http://m2.neo4j.org/content/repositories/releases/org/neo4j/neo4j-jmx/1.9.M04/neo4j-jmx-1.9.M04-javadoc.jar"/>
					</artifact>
				</artifacts>
			</revision>
		</module>
		<module organisation="org.neo4j" name="neo4j-udc">
			<revision name="1.9.M04" status="release" pubdate="20130118120223" resolver="Neo4j Cypher DSL Repository" artresolver="Neo4j Cypher DSL Repository" homepage="http://components.neo4j.org/${project.artifactId}/${project.version}" downloaded="false" searched="false" default="false" conf="default(compile), default, compile, runtime, master" position="31">
				<license name="GNU General Public License, Version 3" url="http://www.gnu.org/licenses/gpl-3.0-standalone.html"/>
				<metadata-artifact status="no" details="" size="16095" time="0" location="/Users/michaelazerhad/.ivy2/cache/org.neo4j/neo4j-udc/ivy-1.9.M04.xml" searched="false" origin-is-local="false" origin-location="http://m2.neo4j.org/content/repositories/releases/org/neo4j/neo4j-udc/1.9.M04/neo4j-udc-1.9.M04.pom"/>
				<caller organisation="com.example" name="testconverter$sources_javadoc_2.10" conf="test, compile, runtime" rev="1.9.M04" rev-constraint-default="1.9.M04" rev-constraint-dynamic="1.9.M04" callerrev="1.0-SNAPSHOT"/>
				<artifacts>
					<artifact name="neo4j-udc" type="jar" ext="jar" status="no" details="" size="37333" time="0" location="/Users/michaelazerhad/.ivy2/cache/org.neo4j/neo4j-udc/jars/neo4j-udc-1.9.M04.jar">
						<origin-location is-local="false" location="http://m2.neo4j.org/content/repositories/releases/org/neo4j/neo4j-udc/1.9.M04/neo4j-udc-1.9.M04.jar"/>
					</artifact>
					<artifact name="neo4j-udc" type="doc" ext="jar" extra-classifier="javadoc" status="successful" details="" size="33625" time="638" location="/Users/michaelazerhad/.ivy2/cache/org.neo4j/neo4j-udc/docs/neo4j-udc-1.9.M04-javadoc.jar">
						<origin-location is-local="false" location="http://m2.neo4j.org/content/repositories/releases/org/neo4j/neo4j-udc/1.9.M04/neo4j-udc-1.9.M04-javadoc.jar"/>
					</artifact>
					<artifact name="neo4j-udc" type="src" ext="jar" extra-classifier="sources" status="successful" details="" size="33872" time="578" location="/Users/michaelazerhad/.ivy2/cache/org.neo4j/neo4j-udc/srcs/neo4j-udc-1.9.M04-sources.jar">
						<origin-location is-local="false" location="http://m2.neo4j.org/content/repositories/releases/org/neo4j/neo4j-udc/1.9.M04/neo4j-udc-1.9.M04-sources.jar"/>
					</artifact>
				</artifacts>
			</revision>
		</module>
		<module organisation="org.springframework.data" name="spring-data-neo4j">
			<revision name="2.2.0.RELEASE" status="release" pubdate="20130212172545" resolver="Spring Release Repository" artresolver="Spring Release Repository" homepage="" downloaded="false" searched="false" default="false" conf="default(compile), default, compile, runtime, master" position="18">
				<metadata-artifact status="no" details="" size="11651" time="0" location="/Users/michaelazerhad/.ivy2/cache/org.springframework.data/spring-data-neo4j/ivy-2.2.0.RELEASE.xml" searched="false" origin-is-local="false" origin-location="https://repo.springsource.org/libs-release/org/springframework/data/spring-data-neo4j/2.2.0.RELEASE/spring-data-neo4j-2.2.0.RELEASE.pom"/>
				<caller organisation="com.example" name="testconverter$sources_javadoc_2.10" conf="test, compile, runtime" rev="2.2.0.RELEASE" rev-constraint-default="2.2.0.RELEASE" rev-constraint-dynamic="2.2.0.RELEASE" callerrev="1.0-SNAPSHOT"/>
				<artifacts>
					<artifact name="spring-data-neo4j" type="src" ext="jar" extra-classifier="sources" status="successful" details="" size="380950" time="1463" location="/Users/michaelazerhad/.ivy2/cache/org.springframework.data/spring-data-neo4j/srcs/spring-data-neo4j-2.2.0.RELEASE-sources.jar">
						<origin-location is-local="false" location="https://repo.springsource.org/libs-release/org/springframework/data/spring-data-neo4j/2.2.0.RELEASE/spring-data-neo4j-2.2.0.RELEASE-sources.jar"/>
					</artifact>
					<artifact name="spring-data-neo4j" type="doc" ext="jar" extra-classifier="javadoc" status="successful" details="" size="1471101" time="4112" location="/Users/michaelazerhad/.ivy2/cache/org.springframework.data/spring-data-neo4j/docs/spring-data-neo4j-2.2.0.RELEASE-javadoc.jar">
						<origin-location is-local="false" location="https://repo.springsource.org/libs-release/org/springframework/data/spring-data-neo4j/2.2.0.RELEASE/spring-data-neo4j-2.2.0.RELEASE-javadoc.jar"/>
					</artifact>
					<artifact name="spring-data-neo4j" type="jar" ext="jar" status="no" details="" size="525425" time="0" location="/Users/michaelazerhad/.ivy2/cache/org.springframework.data/spring-data-neo4j/jars/spring-data-neo4j-2.2.0.RELEASE.jar">
						<origin-location is-local="false" location="https://repo.springsource.org/libs-release/org/springframework/data/spring-data-neo4j/2.2.0.RELEASE/spring-data-neo4j-2.2.0.RELEASE.jar"/>
					</artifact>
				</artifacts>
			</revision>
		</module>
		<module organisation="commons-configuration" name="commons-configuration">
			<revision name="1.6" status="release" pubdate="20120221131058" resolver="Spring Release Repository" artresolver="Spring Release Repository" homepage="http://commons.apache.org/${pom.artifactId.substring(8)}/" downloaded="false" searched="false" default="false" conf="default(compile), default, compile, runtime, master" position="45">
				<license name="The Apache Software License, Version 2.0" url="/LICENSE.txt"/>
				<metadata-artifact status="no" details="" size="5546" time="0" location="/Users/michaelazerhad/.ivy2/cache/commons-configuration/commons-configuration/ivy-1.6.xml" searched="false" origin-is-local="false" origin-location="https://repo.springsource.org/libs-release/commons-configuration/commons-configuration/1.6/commons-configuration-1.6.pom"/>
				<caller organisation="com.example" name="testconverter$sources_javadoc_2.10" conf="test, compile, runtime" rev="1.6" rev-constraint-default="1.6" rev-constraint-dynamic="1.6" callerrev="1.0-SNAPSHOT"/>
				<artifacts>
					<artifact name="commons-configuration" type="src" ext="jar" extra-classifier="sources" status="successful" details="" size="316787" time="1551" location="/Users/michaelazerhad/.ivy2/cache/commons-configuration/commons-configuration/srcs/commons-configuration-1.6-sources.jar">
						<origin-location is-local="false" location="https://repo.springsource.org/libs-release/commons-configuration/commons-configuration/1.6/commons-configuration-1.6-sources.jar"/>
					</artifact>
					<artifact name="commons-configuration" type="doc" ext="jar" extra-classifier="javadoc" status="successful" details="" size="168" time="529" location="/Users/michaelazerhad/.ivy2/cache/commons-configuration/commons-configuration/docs/commons-configuration-1.6-javadoc.jar">
						<origin-location is-local="false" location="https://repo.springsource.org/libs-release/commons-configuration/commons-configuration/1.6/commons-configuration-1.6-javadoc.jar"/>
					</artifact>
					<artifact name="commons-configuration" type="jar" ext="jar" status="no" details="" size="298829" time="0" location="/Users/michaelazerhad/.ivy2/cache/commons-configuration/commons-configuration/jars/commons-configuration-1.6.jar">
						<origin-location is-local="false" location="https://repo.springsource.org/libs-release/commons-configuration/commons-configuration/1.6/commons-configuration-1.6.jar"/>
					</artifact>
				</artifacts>
			</revision>
		</module>
		<module organisation="commons-beanutils" name="commons-beanutils-core">
			<revision name="1.8.0" status="release" pubdate="20120221131159" resolver="Spring Release Repository" artresolver="Spring Release Repository" homepage="http://commons.apache.org/beanutils/" downloaded="false" searched="false" default="false" conf="default(compile), default, compile, runtime, master" position="48">
				<metadata-artifact status="no" details="" size="2550" time="0" location="/Users/michaelazerhad/.ivy2/cache/commons-beanutils/commons-beanutils-core/ivy-1.8.0.xml" searched="false" origin-is-local="false" origin-location="https://repo.springsource.org/libs-release/commons-beanutils/commons-beanutils-core/1.8.0/commons-beanutils-core-1.8.0.pom"/>
				<caller organisation="com.example" name="testconverter$sources_javadoc_2.10" conf="test, compile, runtime" rev="1.8.0" rev-constraint-default="1.8.0" rev-constraint-dynamic="1.8.0" callerrev="1.0-SNAPSHOT"/>
				<artifacts>
					<artifact name="commons-beanutils-core" type="doc" ext="jar" extra-classifier="javadoc" status="failed" details="missing artifact" size="0" time="113"/>
					<artifact name="commons-beanutils-core" type="jar" ext="jar" status="no" details="" size="206035" time="0" location="/Users/michaelazerhad/.ivy2/cache/commons-beanutils/commons-beanutils-core/jars/commons-beanutils-core-1.8.0.jar">
						<origin-location is-local="false" location="https://repo.springsource.org/libs-release/commons-beanutils/commons-beanutils-core/1.8.0/commons-beanutils-core-1.8.0.jar"/>
					</artifact>
					<artifact name="commons-beanutils-core" type="src" ext="jar" extra-classifier="sources" status="failed" details="missing artifact" size="0" time="130"/>
				</artifacts>
			</revision>
		</module>
		<module organisation="commons-lang" name="commons-lang">
			<revision name="2.4" status="release" pubdate="20111210172855" resolver="Spring Release Repository" artresolver="Spring Release Repository" homepage="http://commons.apache.org/lang/" downloaded="false" searched="false" default="false" conf="default(compile), default, compile, runtime, master" position="47">
				<metadata-artifact status="no" details="" size="4638" time="0" location="/Users/michaelazerhad/.ivy2/cache/commons-lang/commons-lang/ivy-2.4.xml" searched="false" origin-is-local="false" origin-location="https://repo.springsource.org/libs-release/commons-lang/commons-lang/2.4/commons-lang-2.4.pom"/>
				<caller organisation="com.example" name="testconverter$sources_javadoc_2.10" conf="test, compile, runtime" rev="2.4" rev-constraint-default="2.4" rev-constraint-dynamic="2.4" callerrev="1.0-SNAPSHOT"/>
				<artifacts>
					<artifact name="commons-lang" type="src" ext="jar" extra-classifier="sources" status="successful" details="" size="339321" time="1949" location="/Users/michaelazerhad/.ivy2/cache/commons-lang/commons-lang/srcs/commons-lang-2.4-sources.jar">
						<origin-location is-local="false" location="https://repo.springsource.org/libs-release/commons-lang/commons-lang/2.4/commons-lang-2.4-sources.jar"/>
					</artifact>
					<artifact name="commons-lang" type="doc" ext="jar" extra-classifier="javadoc" status="successful" details="" size="712606" time="1870" location="/Users/michaelazerhad/.ivy2/cache/commons-lang/commons-lang/docs/commons-lang-2.4-javadoc.jar">
						<origin-location is-local="false" location="https://repo.springsource.org/libs-release/commons-lang/commons-lang/2.4/commons-lang-2.4-javadoc.jar"/>
					</artifact>
					<artifact name="commons-lang" type="jar" ext="jar" status="no" details="" size="261809" time="0" location="/Users/michaelazerhad/.ivy2/cache/commons-lang/commons-lang/jars/commons-lang-2.4.jar">
						<origin-location is-local="false" location="https://repo.springsource.org/libs-release/commons-lang/commons-lang/2.4/commons-lang-2.4.jar"/>
					</artifact>
				</artifacts>
			</revision>
		</module>
		<module organisation="commons-collections" name="commons-collections">
			<revision name="3.2.1" status="release" pubdate="20120113005215" resolver="Spring Release Repository" artresolver="Spring Release Repository" homepage="http://commons.apache.org/collections/" downloaded="false" searched="false" default="false" conf="default(compile), default, compile, runtime, master" position="46">
				<metadata-artifact status="no" details="" size="4584" time="0" location="/Users/michaelazerhad/.ivy2/cache/commons-collections/commons-collections/ivy-3.2.1.xml" searched="false" origin-is-local="false" origin-location="https://repo.springsource.org/libs-release/commons-collections/commons-collections/3.2.1/commons-collections-3.2.1.pom"/>
				<caller organisation="com.example" name="testconverter$sources_javadoc_2.10" conf="test, compile, runtime" rev="3.2.1" rev-constraint-default="3.2.1" rev-constraint-dynamic="3.2.1" callerrev="1.0-SNAPSHOT"/>
				<artifacts>
					<artifact name="commons-collections" type="jar" ext="jar" status="no" details="" size="575389" time="0" location="/Users/michaelazerhad/.ivy2/cache/commons-collections/commons-collections/jars/commons-collections-3.2.1.jar">
						<origin-location is-local="false" location="https://repo.springsource.org/libs-release/commons-collections/commons-collections/3.2.1/commons-collections-3.2.1.jar"/>
					</artifact>
					<artifact name="commons-collections" type="src" ext="jar" extra-classifier="sources" status="successful" details="" size="641582" time="1156" location="/Users/michaelazerhad/.ivy2/cache/commons-collections/commons-collections/srcs/commons-collections-3.2.1-sources.jar">
						<origin-location is-local="false" location="https://repo.springsource.org/libs-release/commons-collections/commons-collections/3.2.1/commons-collections-3.2.1-sources.jar"/>
					</artifact>
					<artifact name="commons-collections" type="doc" ext="jar" extra-classifier="javadoc" status="successful" details="" size="2028934" time="3676" location="/Users/michaelazerhad/.ivy2/cache/commons-collections/commons-collections/docs/commons-collections-3.2.1-javadoc.jar">
						<origin-location is-local="false" location="https://repo.springsource.org/libs-release/commons-collections/commons-collections/3.2.1/commons-collections-3.2.1-javadoc.jar"/>
					</artifact>
				</artifacts>
			</revision>
		</module>
		<module organisation="org.neo4j" name="neo4j-cypher-dsl">
			<revision name="1.9.M04" status="release" pubdate="20130206164513" resolver="Neo4j Cypher DSL Repository" artresolver="Neo4j Cypher DSL Repository" homepage="http://components.neo4j.org/${project.artifactId}/${project.version}" downloaded="false" searched="false" default="false" conf="default(compile), default, compile, runtime, master" position="23">
				<license name="GNU General Public License, Version 3" url="http://www.gnu.org/licenses/gpl-3.0-standalone.html"/>
				<metadata-artifact status="no" details="" size="14934" time="0" location="/Users/michaelazerhad/.ivy2/cache/org.neo4j/neo4j-cypher-dsl/ivy-1.9.M04.xml" searched="false" origin-is-local="false" origin-location="http://m2.neo4j.org/content/repositories/releases/org/neo4j/neo4j-cypher-dsl/1.9.M04/neo4j-cypher-dsl-1.9.M04.pom"/>
				<caller organisation="com.example" name="testconverter$sources_javadoc_2.10" conf="test, compile, runtime" rev="1.9.M04" rev-constraint-default="1.9.M04" rev-constraint-dynamic="1.9.M04" callerrev="1.0-SNAPSHOT"/>
				<artifacts>
					<artifact name="neo4j-cypher-dsl" type="doc" ext="jar" extra-classifier="javadoc" status="successful" details="" size="590665" time="4623" location="/Users/michaelazerhad/.ivy2/cache/org.neo4j/neo4j-cypher-dsl/docs/neo4j-cypher-dsl-1.9.M04-javadoc.jar">
						<origin-location is-local="false" location="http://m2.neo4j.org/content/repositories/releases/org/neo4j/neo4j-cypher-dsl/1.9.M04/neo4j-cypher-dsl-1.9.M04-javadoc.jar"/>
					</artifact>
					<artifact name="neo4j-cypher-dsl" type="src" ext="jar" extra-classifier="sources" status="successful" details="" size="87318" time="1184" location="/Users/michaelazerhad/.ivy2/cache/org.neo4j/neo4j-cypher-dsl/srcs/neo4j-cypher-dsl-1.9.M04-sources.jar">
						<origin-location is-local="false" location="http://m2.neo4j.org/content/repositories/releases/org/neo4j/neo4j-cypher-dsl/1.9.M04/neo4j-cypher-dsl-1.9.M04-sources.jar"/>
					</artifact>
					<artifact name="neo4j-cypher-dsl" type="jar" ext="jar" status="no" details="" size="89870" time="0" location="/Users/michaelazerhad/.ivy2/cache/org.neo4j/neo4j-cypher-dsl/jars/neo4j-cypher-dsl-1.9.M04.jar">
						<origin-location is-local="false" location="http://m2.neo4j.org/content/repositories/releases/org/neo4j/neo4j-cypher-dsl/1.9.M04/neo4j-cypher-dsl-1.9.M04.jar"/>
					</artifact>
				</artifacts>
			</revision>
		</module>
		<module organisation="org.neo4j" name="neo4j-cypher">
			<revision name="1.9.M04" status="release" pubdate="20130118120021" resolver="Neo4j Cypher DSL Repository" artresolver="Neo4j Cypher DSL Repository" homepage="http://components.neo4j.org/${project.artifactId}/${project.version}" downloaded="false" searched="false" default="false" conf="default(compile), default, compile, runtime, master" position="33">
				<license name="GNU General Public License, Version 3" url="http://www.gnu.org/licenses/gpl-3.0-standalone.html"/>
				<metadata-artifact status="no" details="" size="16455" time="0" location="/Users/michaelazerhad/.ivy2/cache/org.neo4j/neo4j-cypher/ivy-1.9.M04.xml" searched="false" origin-is-local="false" origin-location="http://m2.neo4j.org/content/repositories/releases/org/neo4j/neo4j-cypher/1.9.M04/neo4j-cypher-1.9.M04.pom"/>
				<caller organisation="com.example" name="testconverter$sources_javadoc_2.10" conf="test, compile, runtime" rev="1.9.M04" rev-constraint-default="1.9.M04" rev-constraint-dynamic="1.9.M04" callerrev="1.0-SNAPSHOT"/>
				<artifacts>
					<artifact name="neo4j-cypher" type="doc" ext="jar" extra-classifier="javadoc" status="successful" details="" size="77644" time="825" location="/Users/michaelazerhad/.ivy2/cache/org.neo4j/neo4j-cypher/docs/neo4j-cypher-1.9.M04-javadoc.jar">
						<origin-location is-local="false" location="http://m2.neo4j.org/content/repositories/releases/org/neo4j/neo4j-cypher/1.9.M04/neo4j-cypher-1.9.M04-javadoc.jar"/>
					</artifact>
					<artifact name="neo4j-cypher" type="src" ext="jar" extra-classifier="sources" status="successful" details="" size="330361" time="1062" location="/Users/michaelazerhad/.ivy2/cache/org.neo4j/neo4j-cypher/srcs/neo4j-cypher-1.9.M04-sources.jar">
						<origin-location is-local="false" location="http://m2.neo4j.org/content/repositories/releases/org/neo4j/neo4j-cypher/1.9.M04/neo4j-cypher-1.9.M04-sources.jar"/>
					</artifact>
					<artifact name="neo4j-cypher" type="jar" ext="jar" status="no" details="" size="4324596" time="0" location="/Users/michaelazerhad/.ivy2/cache/org.neo4j/neo4j-cypher/jars/neo4j-cypher-1.9.M04.jar">
						<origin-location is-local="false" location="http://m2.neo4j.org/content/repositories/releases/org/neo4j/neo4j-cypher/1.9.M04/neo4j-cypher-1.9.M04.jar"/>
					</artifact>
				</artifacts>
			</revision>
		</module>
		<module organisation="com.googlecode.concurrentlinkedhashmap" name="concurrentlinkedhashmap-lru">
			<revision name="1.3.1" status="release" pubdate="20130204205441" resolver="Spring Release Repository" artresolver="Spring Release Repository" homepage="http://code.google.com/p/concurrentlinkedhashmap" downloaded="false" searched="false" default="false" conf="default(compile), default, compile, runtime, master" position="26">
				<license name="The Apache Software License, Version 2.0" url="http://www.apache.org/licenses/LICENSE-2.0.txt"/>
				<metadata-artifact status="no" details="" size="4770" time="0" location="/Users/michaelazerhad/.ivy2/cache/com.googlecode.concurrentlinkedhashmap/concurrentlinkedhashmap-lru/ivy-1.3.1.xml" searched="false" origin-is-local="false" origin-location="https://repo.springsource.org/libs-release/com/googlecode/concurrentlinkedhashmap/concurrentlinkedhashmap-lru/1.3.1/concurrentlinkedhashmap-lru-1.3.1.pom"/>
				<caller organisation="com.example" name="testconverter$sources_javadoc_2.10" conf="test, compile, runtime" rev="1.3.1" rev-constraint-default="1.3.1" rev-constraint-dynamic="1.3.1" callerrev="1.0-SNAPSHOT"/>
				<artifacts>
					<artifact name="concurrentlinkedhashmap-lru" type="jar" ext="jar" status="no" details="" size="54436" time="0" location="/Users/michaelazerhad/.ivy2/cache/com.googlecode.concurrentlinkedhashmap/concurrentlinkedhashmap-lru/jars/concurrentlinkedhashmap-lru-1.3.1.jar">
						<origin-location is-local="false" location="https://repo.springsource.org/libs-release/com/googlecode/concurrentlinkedhashmap/concurrentlinkedhashmap-lru/1.3.1/concurrentlinkedhashmap-lru-1.3.1.jar"/>
					</artifact>
					<artifact name="concurrentlinkedhashmap-lru" type="src" ext="jar" extra-classifier="sources" status="successful" details="" size="25643" time="595" location="/Users/michaelazerhad/.ivy2/cache/com.googlecode.concurrentlinkedhashmap/concurrentlinkedhashmap-lru/srcs/concurrentlinkedhashmap-lru-1.3.1-sources.jar">
						<origin-location is-local="false" location="https://repo.springsource.org/libs-release/com/googlecode/concurrentlinkedhashmap/concurrentlinkedhashmap-lru/1.3.1/concurrentlinkedhashmap-lru-1.3.1-sources.jar"/>
					</artifact>
					<artifact name="concurrentlinkedhashmap-lru" type="doc" ext="jar" extra-classifier="javadoc" status="successful" details="" size="58125" time="658" location="/Users/michaelazerhad/.ivy2/cache/com.googlecode.concurrentlinkedhashmap/concurrentlinkedhashmap-lru/docs/concurrentlinkedhashmap-lru-1.3.1-javadoc.jar">
						<origin-location is-local="false" location="https://repo.springsource.org/libs-release/com/googlecode/concurrentlinkedhashmap/concurrentlinkedhashmap-lru/1.3.1/concurrentlinkedhashmap-lru-1.3.1-javadoc.jar"/>
					</artifact>
				</artifacts>
			</revision>
		</module>
		<module organisation="org.neo4j" name="neo4j-graph-algo">
			<revision name="1.9.M04" status="release" pubdate="20130118120042" resolver="Neo4j Cypher DSL Repository" artresolver="Neo4j Cypher DSL Repository" homepage="http://components.neo4j.org/${project.artifactId}/${project.version}" downloaded="false" searched="false" default="false" conf="default(compile), default, compile, runtime, master" position="30">
				<license name="GNU General Public License, Version 3" url="http://www.gnu.org/licenses/gpl-3.0-standalone.html"/>
				<metadata-artifact status="no" details="" size="15144" time="0" location="/Users/michaelazerhad/.ivy2/cache/org.neo4j/neo4j-graph-algo/ivy-1.9.M04.xml" searched="false" origin-is-local="false" origin-location="http://m2.neo4j.org/content/repositories/releases/org/neo4j/neo4j-graph-algo/1.9.M04/neo4j-graph-algo-1.9.M04.pom"/>
				<caller organisation="com.example" name="testconverter$sources_javadoc_2.10" conf="test, compile, runtime" rev="1.9.M04" rev-constraint-default="1.9.M04" rev-constraint-dynamic="1.9.M04" callerrev="1.0-SNAPSHOT"/>
				<artifacts>
					<artifact name="neo4j-graph-algo" type="src" ext="jar" extra-classifier="sources" status="successful" details="" size="120998" time="844" location="/Users/michaelazerhad/.ivy2/cache/org.neo4j/neo4j-graph-algo/srcs/neo4j-graph-algo-1.9.M04-sources.jar">
						<origin-location is-local="false" location="http://m2.neo4j.org/content/repositories/releases/org/neo4j/neo4j-graph-algo/1.9.M04/neo4j-graph-algo-1.9.M04-sources.jar"/>
					</artifact>
					<artifact name="neo4j-graph-algo" type="jar" ext="jar" status="no" details="" size="155493" time="0" location="/Users/michaelazerhad/.ivy2/cache/org.neo4j/neo4j-graph-algo/jars/neo4j-graph-algo-1.9.M04.jar">
						<origin-location is-local="false" location="http://m2.neo4j.org/content/repositories/releases/org/neo4j/neo4j-graph-algo/1.9.M04/neo4j-graph-algo-1.9.M04.jar"/>
					</artifact>
					<artifact name="neo4j-graph-algo" type="doc" ext="jar" extra-classifier="javadoc" status="successful" details="" size="58615" time="755" location="/Users/michaelazerhad/.ivy2/cache/org.neo4j/neo4j-graph-algo/docs/neo4j-graph-algo-1.9.M04-javadoc.jar">
						<origin-location is-local="false" location="http://m2.neo4j.org/content/repositories/releases/org/neo4j/neo4j-graph-algo/1.9.M04/neo4j-graph-algo-1.9.M04-javadoc.jar"/>
					</artifact>
				</artifacts>
			</revision>
		</module>
		<module organisation="org.neo4j" name="neo4j-graph-matching">
			<revision name="1.9.M04" status="release" pubdate="20130118120051" resolver="Neo4j Cypher DSL Repository" artresolver="Neo4j Cypher DSL Repository" homepage="http://components.neo4j.org/${project.artifactId}/${project.version}" downloaded="false" searched="false" default="false" conf="default(compile), default, compile, runtime, master" position="32">
				<license name="GNU General Public License, Version 3" url="http://www.gnu.org/licenses/gpl-3.0-standalone.html"/>
				<metadata-artifact status="no" details="" size="15125" time="0" location="/Users/michaelazerhad/.ivy2/cache/org.neo4j/neo4j-graph-matching/ivy-1.9.M04.xml" searched="false" origin-is-local="false" origin-location="http://m2.neo4j.org/content/repositories/releases/org/neo4j/neo4j-graph-matching/1.9.M04/neo4j-graph-matching-1.9.M04.pom"/>
				<caller organisation="com.example" name="testconverter$sources_javadoc_2.10" conf="test, compile, runtime" rev="1.9.M04" rev-constraint-default="1.9.M04" rev-constraint-dynamic="1.9.M04" callerrev="1.0-SNAPSHOT"/>
				<artifacts>
					<artifact name="neo4j-graph-matching" type="jar" ext="jar" status="no" details="" size="51958" time="0" location="/Users/michaelazerhad/.ivy2/cache/org.neo4j/neo4j-graph-matching/jars/neo4j-graph-matching-1.9.M04.jar">
						<origin-location is-local="false" location="http://m2.neo4j.org/content/repositories/releases/org/neo4j/neo4j-graph-matching/1.9.M04/neo4j-graph-matching-1.9.M04.jar"/>
					</artifact>
					<artifact name="neo4j-graph-matching" type="src" ext="jar" extra-classifier="sources" status="successful" details="" size="45239" time="589" location="/Users/michaelazerhad/.ivy2/cache/org.neo4j/neo4j-graph-matching/srcs/neo4j-graph-matching-1.9.M04-sources.jar">
						<origin-location is-local="false" location="http://m2.neo4j.org/content/repositories/releases/org/neo4j/neo4j-graph-matching/1.9.M04/neo4j-graph-matching-1.9.M04-sources.jar"/>
					</artifact>
					<artifact name="neo4j-graph-matching" type="doc" ext="jar" extra-classifier="javadoc" status="successful" details="" size="117557" time="947" location="/Users/michaelazerhad/.ivy2/cache/org.neo4j/neo4j-graph-matching/docs/neo4j-graph-matching-1.9.M04-javadoc.jar">
						<origin-location is-local="false" location="http://m2.neo4j.org/content/repositories/releases/org/neo4j/neo4j-graph-matching/1.9.M04/neo4j-graph-matching-1.9.M04-javadoc.jar"/>
					</artifact>
				</artifacts>
			</revision>
		</module>
		<module organisation="org.neo4j" name="neo4j-lucene-index">
			<revision name="1.9.M04" status="release" pubdate="20130118120152" resolver="Neo4j Cypher DSL Repository" artresolver="Neo4j Cypher DSL Repository" homepage="http://components.neo4j.org/${project.artifactId}/${project.version}" downloaded="false" searched="false" default="false" conf="default(compile), default, compile, runtime, master" position="29">
				<license name="GNU General Public License, Version 3" url="http://www.gnu.org/licenses/gpl-3.0-standalone.html"/>
				<metadata-artifact status="no" details="" size="15902" time="0" location="/Users/michaelazerhad/.ivy2/cache/org.neo4j/neo4j-lucene-index/ivy-1.9.M04.xml" searched="false" origin-is-local="false" origin-location="http://m2.neo4j.org/content/repositories/releases/org/neo4j/neo4j-lucene-index/1.9.M04/neo4j-lucene-index-1.9.M04.pom"/>
				<caller organisation="com.example" name="testconverter$sources_javadoc_2.10" conf="test, compile, runtime" rev="1.9.M04" rev-constraint-default="1.9.M04" rev-constraint-dynamic="1.9.M04" callerrev="1.0-SNAPSHOT"/>
				<artifacts>
					<artifact name="neo4j-lucene-index" type="jar" ext="jar" status="no" details="" size="164683" time="0" location="/Users/michaelazerhad/.ivy2/cache/org.neo4j/neo4j-lucene-index/jars/neo4j-lucene-index-1.9.M04.jar">
						<origin-location is-local="false" location="http://m2.neo4j.org/content/repositories/releases/org/neo4j/neo4j-lucene-index/1.9.M04/neo4j-lucene-index-1.9.M04.jar"/>
					</artifact>
					<artifact name="neo4j-lucene-index" type="doc" ext="jar" extra-classifier="javadoc" status="successful" details="" size="222310" time="1828" location="/Users/michaelazerhad/.ivy2/cache/org.neo4j/neo4j-lucene-index/docs/neo4j-lucene-index-1.9.M04-javadoc.jar">
						<origin-location is-local="false" location="http://m2.neo4j.org/content/repositories/releases/org/neo4j/neo4j-lucene-index/1.9.M04/neo4j-lucene-index-1.9.M04-javadoc.jar"/>
					</artifact>
					<artifact name="neo4j-lucene-index" type="src" ext="jar" extra-classifier="sources" status="successful" details="" size="109436" time="915" location="/Users/michaelazerhad/.ivy2/cache/org.neo4j/neo4j-lucene-index/srcs/neo4j-lucene-index-1.9.M04-sources.jar">
						<origin-location is-local="false" location="http://m2.neo4j.org/content/repositories/releases/org/neo4j/neo4j-lucene-index/1.9.M04/neo4j-lucene-index-1.9.M04-sources.jar"/>
					</artifact>
				</artifacts>
			</revision>
		</module>
		<module organisation="org.apache.lucene" name="lucene-core">
			<revision name="3.5.0" status="release" pubdate="20120531175309" resolver="Spring Release Repository" artresolver="Spring Release Repository" homepage="" downloaded="false" searched="false" default="false" conf="default(compile), default, compile, runtime, master" position="25">
				<metadata-artifact status="no" details="" size="16142" time="0" location="/Users/michaelazerhad/.ivy2/cache/org.apache.lucene/lucene-core/ivy-3.5.0.xml" searched="false" origin-is-local="false" origin-location="https://repo.springsource.org/libs-release/org/apache/lucene/lucene-core/3.5.0/lucene-core-3.5.0.pom"/>
				<caller organisation="com.example" name="testconverter$sources_javadoc_2.10" conf="test, compile, runtime" rev="3.5.0" rev-constraint-default="3.5.0" rev-constraint-dynamic="3.5.0" callerrev="1.0-SNAPSHOT"/>
				<artifacts>
					<artifact name="lucene-core" type="doc" ext="jar" extra-classifier="javadoc" status="failed" details="missing artifact" size="0" time="151"/>
					<artifact name="lucene-core" type="src" ext="jar" extra-classifier="sources" status="successful" details="" size="1347031" time="1851" location="/Users/michaelazerhad/.ivy2/cache/org.apache.lucene/lucene-core/srcs/lucene-core-3.5.0-sources.jar">
						<origin-location is-local="false" location="https://repo.springsource.org/libs-release/org/apache/lucene/lucene-core/3.5.0/lucene-core-3.5.0-sources.jar"/>
					</artifact>
					<artifact name="lucene-core" type="jar" ext="jar" status="no" details="" size="1466301" time="0" location="/Users/michaelazerhad/.ivy2/cache/org.apache.lucene/lucene-core/jars/lucene-core-3.5.0.jar">
						<origin-location is-local="false" location="https://repo.springsource.org/libs-release/org/apache/lucene/lucene-core/3.5.0/lucene-core-3.5.0.jar"/>
					</artifact>
				</artifacts>
			</revision>
		</module>
		<module organisation="org.neo4j" name="neo4j-kernel">
			<revision name="1.9.M04" status="release" pubdate="20130118120141" resolver="Neo4j Cypher DSL Repository" artresolver="Neo4j Cypher DSL Repository" homepage="http://components.neo4j.org/${project.artifactId}/${project.version}" downloaded="false" searched="false" default="false" conf="default(compile), default, compile, runtime, master" position="28">
				<license name="GNU General Public License, Version 3" url="http://www.gnu.org/licenses/gpl-3.0-standalone.html"/>
				<metadata-artifact status="no" details="" size="16047" time="0" location="/Users/michaelazerhad/.ivy2/cache/org.neo4j/neo4j-kernel/ivy-1.9.M04.xml" searched="false" origin-is-local="false" origin-location="http://m2.neo4j.org/content/repositories/releases/org/neo4j/neo4j-kernel/1.9.M04/neo4j-kernel-1.9.M04.pom"/>
				<caller organisation="com.example" name="testconverter$sources_javadoc_2.10" conf="test, compile, runtime" rev="1.9.M04" rev-constraint-default="1.9.M04" rev-constraint-dynamic="1.9.M04" callerrev="1.0-SNAPSHOT"/>
				<artifacts>
					<artifact name="neo4j-kernel" type="jar" ext="jar" status="no" details="" size="1472279" time="0" location="/Users/michaelazerhad/.ivy2/cache/org.neo4j/neo4j-kernel/jars/neo4j-kernel-1.9.M04.jar">
						<origin-location is-local="false" location="UNKNOWN"/>
					</artifact>
					<artifact name="neo4j-kernel" type="doc" ext="jar" extra-classifier="javadoc" status="successful" details="" size="1681336" time="18812" location="/Users/michaelazerhad/.ivy2/cache/org.neo4j/neo4j-kernel/docs/neo4j-kernel-1.9.M04-javadoc.jar">
						<origin-location is-local="false" location="http://m2.neo4j.org/content/repositories/releases/org/neo4j/neo4j-kernel/1.9.M04/neo4j-kernel-1.9.M04-javadoc.jar"/>
					</artifact>
					<artifact name="neo4j-kernel" type="src" ext="jar" extra-classifier="sources" status="successful" details="" size="945697" time="3826" location="/Users/michaelazerhad/.ivy2/cache/org.neo4j/neo4j-kernel/srcs/neo4j-kernel-1.9.M04-sources.jar">
						<origin-location is-local="false" location="http://m2.neo4j.org/content/repositories/releases/org/neo4j/neo4j-kernel/1.9.M04/neo4j-kernel-1.9.M04-sources.jar"/>
					</artifact>
				</artifacts>
			</revision>
		</module>
		<module organisation="org.apache.geronimo.specs" name="geronimo-jta_1.1_spec">
			<revision name="1.1.1" status="release" pubdate="20120411111223" resolver="Spring Release Repository" artresolver="Spring Release Repository" homepage="" downloaded="false" searched="false" default="false" conf="default(compile), default, compile, runtime, master" position="24">
				<metadata-artifact status="no" details="" size="7123" time="0" location="/Users/michaelazerhad/.ivy2/cache/org.apache.geronimo.specs/geronimo-jta_1.1_spec/ivy-1.1.1.xml" searched="false" origin-is-local="false" origin-location="https://repo.springsource.org/libs-release/org/apache/geronimo/specs/geronimo-jta_1.1_spec/1.1.1/geronimo-jta_1.1_spec-1.1.1.pom"/>
				<caller organisation="com.example" name="testconverter$sources_javadoc_2.10" conf="test, compile, runtime" rev="1.1.1" rev-constraint-default="1.1.1" rev-constraint-dynamic="1.1.1" callerrev="1.0-SNAPSHOT"/>
				<artifacts>
					<artifact name="geronimo-jta_1.1_spec" type="doc" ext="jar" extra-classifier="javadoc" status="successful" details="" size="139682" time="1312" location="/Users/michaelazerhad/.ivy2/cache/org.apache.geronimo.specs/geronimo-jta_1.1_spec/docs/geronimo-jta_1.1_spec-1.1.1-javadoc.jar">
						<origin-location is-local="false" location="https://repo.springsource.org/libs-release/org/apache/geronimo/specs/geronimo-jta_1.1_spec/1.1.1/geronimo-jta_1.1_spec-1.1.1-javadoc.jar"/>
					</artifact>
					<artifact name="geronimo-jta_1.1_spec" type="src" ext="jar" extra-classifier="sources" status="successful" details="" size="21755" time="515" location="/Users/michaelazerhad/.ivy2/cache/org.apache.geronimo.specs/geronimo-jta_1.1_spec/srcs/geronimo-jta_1.1_spec-1.1.1-sources.jar">
						<origin-location is-local="false" location="https://repo.springsource.org/libs-release/org/apache/geronimo/specs/geronimo-jta_1.1_spec/1.1.1/geronimo-jta_1.1_spec-1.1.1-sources.jar"/>
					</artifact>
					<artifact name="geronimo-jta_1.1_spec" type="jar" ext="jar" status="no" details="" size="16030" time="0" location="/Users/michaelazerhad/.ivy2/cache/org.apache.geronimo.specs/geronimo-jta_1.1_spec/jars/geronimo-jta_1.1_spec-1.1.1.jar">
						<origin-location is-local="false" location="https://repo.springsource.org/libs-release/org/apache/geronimo/specs/geronimo-jta_1.1_spec/1.1.1/geronimo-jta_1.1_spec-1.1.1.jar"/>
					</artifact>
				</artifacts>
			</revision>
		</module>
		<module organisation="org.springframework.data" name="spring-data-commons">
			<revision name="1.5.0.RELEASE" status="release" pubdate="20130207192804" resolver="Spring Release Repository" artresolver="Spring Release Repository" homepage="" downloaded="false" searched="false" default="false" conf="default(compile), default, compile, runtime, master" position="20">
				<metadata-artifact status="no" details="" size="8790" time="0" location="/Users/michaelazerhad/.ivy2/cache/org.springframework.data/spring-data-commons/ivy-1.5.0.RELEASE.xml" searched="false" origin-is-local="false" origin-location="https://repo.springsource.org/libs-release/org/springframework/data/spring-data-commons/1.5.0.RELEASE/spring-data-commons-1.5.0.RELEASE.pom"/>
				<caller organisation="com.example" name="testconverter$sources_javadoc_2.10" conf="test, compile, runtime" rev="1.5.0.RELEASE" rev-constraint-default="1.5.0.RELEASE" rev-constraint-dynamic="1.5.0.RELEASE" callerrev="1.0-SNAPSHOT"/>
				<artifacts>
					<artifact name="spring-data-commons" type="doc" ext="jar" extra-classifier="javadoc" status="successful" details="" size="1295942" time="2694" location="/Users/michaelazerhad/.ivy2/cache/org.springframework.data/spring-data-commons/docs/spring-data-commons-1.5.0.RELEASE-javadoc.jar">
						<origin-location is-local="false" location="https://repo.springsource.org/libs-release/org/springframework/data/spring-data-commons/1.5.0.RELEASE/spring-data-commons-1.5.0.RELEASE-javadoc.jar"/>
					</artifact>
					<artifact name="spring-data-commons" type="src" ext="jar" extra-classifier="sources" status="successful" details="" size="287305" time="1594" location="/Users/michaelazerhad/.ivy2/cache/org.springframework.data/spring-data-commons/srcs/spring-data-commons-1.5.0.RELEASE-sources.jar">
						<origin-location is-local="false" location="https://repo.springsource.org/libs-release/org/springframework/data/spring-data-commons/1.5.0.RELEASE/spring-data-commons-1.5.0.RELEASE-sources.jar"/>
					</artifact>
					<artifact name="spring-data-commons" type="jar" ext="jar" status="no" details="" size="318723" time="0" location="/Users/michaelazerhad/.ivy2/cache/org.springframework.data/spring-data-commons/jars/spring-data-commons-1.5.0.RELEASE.jar">
						<origin-location is-local="false" location="https://repo.springsource.org/libs-release/org/springframework/data/spring-data-commons/1.5.0.RELEASE/spring-data-commons-1.5.0.RELEASE.jar"/>
					</artifact>
				</artifacts>
			</revision>
		</module>
		<module organisation="org.slf4j" name="jcl-over-slf4j">
			<revision name="1.7.1" status="release" pubdate="20120918121326" resolver="Spring Release Repository" artresolver="Spring Release Repository" homepage="http://www.slf4j.org" downloaded="false" searched="false" default="false" conf="default(compile), default, compile, runtime, master" position="22">
				<metadata-artifact status="no" details="" size="4633" time="0" location="/Users/michaelazerhad/.ivy2/cache/org.slf4j/jcl-over-slf4j/ivy-1.7.1.xml" searched="false" origin-is-local="false" origin-location="https://repo.springsource.org/libs-release/org/slf4j/jcl-over-slf4j/1.7.1/jcl-over-slf4j-1.7.1.pom"/>
				<caller organisation="com.example" name="testconverter$sources_javadoc_2.10" conf="test, compile, runtime" rev="1.7.1" rev-constraint-default="1.7.1" rev-constraint-dynamic="1.7.1" callerrev="1.0-SNAPSHOT"/>
				<artifacts>
					<artifact name="jcl-over-slf4j" type="jar" ext="jar" status="no" details="" size="16458" time="0" location="/Users/michaelazerhad/.ivy2/cache/org.slf4j/jcl-over-slf4j/jars/jcl-over-slf4j-1.7.1.jar">
						<origin-location is-local="false" location="https://repo.springsource.org/libs-release/org/slf4j/jcl-over-slf4j/1.7.1/jcl-over-slf4j-1.7.1.jar"/>
					</artifact>
					<artifact name="jcl-over-slf4j" type="src" ext="jar" extra-classifier="sources" status="successful" details="" size="22965" time="656" location="/Users/michaelazerhad/.ivy2/cache/org.slf4j/jcl-over-slf4j/srcs/jcl-over-slf4j-1.7.1-sources.jar">
						<origin-location is-local="false" location="https://repo.springsource.org/libs-release/org/slf4j/jcl-over-slf4j/1.7.1/jcl-over-slf4j-1.7.1-sources.jar"/>
					</artifact>
					<artifact name="jcl-over-slf4j" type="doc" ext="jar" extra-classifier="javadoc" status="failed" details="missing artifact" size="0" time="142"/>
				</artifacts>
			</revision>
		</module>
		<module organisation="org.slf4j" name="slf4j-api">
			<revision name="1.7.1" status="release" pubdate="20120918121323" resolver="Spring Release Repository" artresolver="Spring Release Repository" homepage="http://www.slf4j.org" downloaded="false" searched="false" default="false" conf="default(compile), default, compile, runtime, master" position="21">
				<metadata-artifact status="no" details="" size="4469" time="0" location="/Users/michaelazerhad/.ivy2/cache/org.slf4j/slf4j-api/ivy-1.7.1.xml" searched="false" origin-is-local="false" origin-location="https://repo.springsource.org/libs-release/org/slf4j/slf4j-api/1.7.1/slf4j-api-1.7.1.pom"/>
				<caller organisation="com.example" name="testconverter$sources_javadoc_2.10" conf="test, compile, runtime" rev="1.7.1" rev-constraint-default="1.7.1" rev-constraint-dynamic="1.7.1" callerrev="1.0-SNAPSHOT"/>
				<artifacts>
					<artifact name="slf4j-api" type="src" ext="jar" extra-classifier="sources" status="successful" details="" size="46868" time="854" location="/Users/michaelazerhad/.ivy2/cache/org.slf4j/slf4j-api/srcs/slf4j-api-1.7.1-sources.jar">
						<origin-location is-local="false" location="https://repo.springsource.org/libs-release/org/slf4j/slf4j-api/1.7.1/slf4j-api-1.7.1-sources.jar"/>
					</artifact>
					<artifact name="slf4j-api" type="jar" ext="jar" status="no" details="" size="26065" time="0" location="/Users/michaelazerhad/.ivy2/cache/org.slf4j/slf4j-api/jars/slf4j-api-1.7.1.jar">
						<origin-location is-local="false" location="https://repo.springsource.org/libs-release/org/slf4j/slf4j-api/1.7.1/slf4j-api-1.7.1.jar"/>
					</artifact>
					<artifact name="slf4j-api" type="doc" ext="jar" extra-classifier="javadoc" status="failed" details="missing artifact" size="0" time="136"/>
				</artifacts>
			</revision>
		</module>
		<module organisation="org.aspectj" name="aspectjrt">
			<revision name="1.7.1" status="release" pubdate="20121003144935" resolver="Spring Release Repository" artresolver="Spring Release Repository" homepage="http://www.aspectj.org" downloaded="false" searched="false" default="false" conf="default(compile), default, compile, runtime, master" position="19">
				<license name="Eclipse Public License - v 1.0" url="http://www.eclipse.org/legal/epl-v10.html"/>
				<metadata-artifact status="no" details="" size="2383" time="0" location="/Users/michaelazerhad/.ivy2/cache/org.aspectj/aspectjrt/ivy-1.7.1.xml" searched="false" origin-is-local="false" origin-location="https://repo.springsource.org/libs-release/org/aspectj/aspectjrt/1.7.1/aspectjrt-1.7.1.pom"/>
				<caller organisation="com.example" name="testconverter$sources_javadoc_2.10" conf="test, compile, runtime" rev="1.7.1" rev-constraint-default="1.7.1" rev-constraint-dynamic="1.7.1" callerrev="1.0-SNAPSHOT"/>
				<artifacts>
					<artifact name="aspectjrt" type="jar" ext="jar" status="no" details="" size="116218" time="0" location="/Users/michaelazerhad/.ivy2/cache/org.aspectj/aspectjrt/jars/aspectjrt-1.7.1.jar">
						<origin-location is-local="false" location="https://repo.springsource.org/libs-release/org/aspectj/aspectjrt/1.7.1/aspectjrt-1.7.1.jar"/>
					</artifact>
					<artifact name="aspectjrt" type="doc" ext="jar" extra-classifier="javadoc" status="successful" details="" size="321314" time="1854" location="/Users/michaelazerhad/.ivy2/cache/org.aspectj/aspectjrt/docs/aspectjrt-1.7.1-javadoc.jar">
						<origin-location is-local="false" location="https://repo.springsource.org/libs-release/org/aspectj/aspectjrt/1.7.1/aspectjrt-1.7.1-javadoc.jar"/>
					</artifact>
					<artifact name="aspectjrt" type="src" ext="jar" extra-classifier="sources" status="successful" details="" size="106441" time="686" location="/Users/michaelazerhad/.ivy2/cache/org.aspectj/aspectjrt/srcs/aspectjrt-1.7.1-sources.jar">
						<origin-location is-local="false" location="https://repo.springsource.org/libs-release/org/aspectj/aspectjrt/1.7.1/aspectjrt-1.7.1-sources.jar"/>
					</artifact>
				</artifacts>
			</revision>
		</module>
		<module organisation="org.springframework" name="spring-test">
			<revision name="3.2.0.RELEASE" status="release" pubdate="20121213184312" resolver="Spring Release Repository" artresolver="Spring Release Repository" homepage="https://github.com/SpringSource/spring-framework" downloaded="false" searched="false" default="false" conf="default(compile), default, compile, runtime, master" position="15">
				<license name="The Apache Software License, Version 2.0" url="http://www.apache.org/licenses/LICENSE-2.0.txt"/>
				<metadata-artifact status="no" details="" size="5395" time="0" location="/Users/michaelazerhad/.ivy2/cache/org.springframework/spring-test/ivy-3.2.0.RELEASE.xml" searched="false" origin-is-local="false" origin-location="https://repo.springsource.org/libs-release/org/springframework/spring-test/3.2.0.RELEASE/spring-test-3.2.0.RELEASE.pom"/>
				<caller organisation="com.example" name="testconverter$sources_javadoc_2.10" conf="test, compile, runtime" rev="3.2.0.RELEASE" rev-constraint-default="3.2.0.RELEASE" rev-constraint-dynamic="3.2.0.RELEASE" callerrev="1.0-SNAPSHOT"/>
				<artifacts>
					<artifact name="spring-test" type="doc" ext="jar" extra-classifier="javadoc" status="successful" details="" size="887175" time="2133" location="/Users/michaelazerhad/.ivy2/cache/org.springframework/spring-test/docs/spring-test-3.2.0.RELEASE-javadoc.jar">
						<origin-location is-local="false" location="https://repo.springsource.org/libs-release/org/springframework/spring-test/3.2.0.RELEASE/spring-test-3.2.0.RELEASE-javadoc.jar"/>
					</artifact>
					<artifact name="spring-test" type="jar" ext="jar" status="no" details="" size="451556" time="0" location="/Users/michaelazerhad/.ivy2/cache/org.springframework/spring-test/jars/spring-test-3.2.0.RELEASE.jar">
						<origin-location is-local="false" location="https://repo.springsource.org/libs-release/org/springframework/spring-test/3.2.0.RELEASE/spring-test-3.2.0.RELEASE.jar"/>
					</artifact>
					<artifact name="spring-test" type="src" ext="jar" extra-classifier="sources" status="successful" details="" size="353983" time="1273" location="/Users/michaelazerhad/.ivy2/cache/org.springframework/spring-test/srcs/spring-test-3.2.0.RELEASE-sources.jar">
						<origin-location is-local="false" location="https://repo.springsource.org/libs-release/org/springframework/spring-test/3.2.0.RELEASE/spring-test-3.2.0.RELEASE-sources.jar"/>
					</artifact>
				</artifacts>
			</revision>
		</module>
		<module organisation="org.springframework" name="spring-webmvc">
			<revision name="3.2.0.RELEASE" status="release" pubdate="20121213184306" resolver="Spring Release Repository" artresolver="Spring Release Repository" homepage="https://github.com/SpringSource/spring-framework" downloaded="false" searched="false" default="false" conf="default(compile), default, compile, runtime, master" position="16">
				<license name="The Apache Software License, Version 2.0" url="http://www.apache.org/licenses/LICENSE-2.0.txt"/>
				<metadata-artifact status="no" details="" size="7011" time="0" location="/Users/michaelazerhad/.ivy2/cache/org.springframework/spring-webmvc/ivy-3.2.0.RELEASE.xml" searched="false" origin-is-local="false" origin-location="https://repo.springsource.org/libs-release/org/springframework/spring-webmvc/3.2.0.RELEASE/spring-webmvc-3.2.0.RELEASE.pom"/>
				<caller organisation="com.example" name="testconverter$sources_javadoc_2.10" conf="test, compile, runtime" rev="3.2.0.RELEASE" rev-constraint-default="3.2.0.RELEASE" rev-constraint-dynamic="3.2.0.RELEASE" callerrev="1.0-SNAPSHOT"/>
				<artifacts>
					<artifact name="spring-webmvc" type="jar" ext="jar" status="no" details="" size="635936" time="0" location="/Users/michaelazerhad/.ivy2/cache/org.springframework/spring-webmvc/jars/spring-webmvc-3.2.0.RELEASE.jar">
						<origin-location is-local="false" location="https://repo.springsource.org/libs-release/org/springframework/spring-webmvc/3.2.0.RELEASE/spring-webmvc-3.2.0.RELEASE.jar"/>
					</artifact>
					<artifact name="spring-webmvc" type="doc" ext="jar" extra-classifier="javadoc" status="successful" details="" size="1562196" time="3151" location="/Users/michaelazerhad/.ivy2/cache/org.springframework/spring-webmvc/docs/spring-webmvc-3.2.0.RELEASE-javadoc.jar">
						<origin-location is-local="false" location="https://repo.springsource.org/libs-release/org/springframework/spring-webmvc/3.2.0.RELEASE/spring-webmvc-3.2.0.RELEASE-javadoc.jar"/>
					</artifact>
					<artifact name="spring-webmvc" type="src" ext="jar" extra-classifier="sources" status="successful" details="" size="646079" time="1115" location="/Users/michaelazerhad/.ivy2/cache/org.springframework/spring-webmvc/srcs/spring-webmvc-3.2.0.RELEASE-sources.jar">
						<origin-location is-local="false" location="https://repo.springsource.org/libs-release/org/springframework/spring-webmvc/3.2.0.RELEASE/spring-webmvc-3.2.0.RELEASE-sources.jar"/>
					</artifact>
				</artifacts>
			</revision>
		</module>
		<module organisation="org.springframework.data" name="spring-data-commons-core">
			<revision name="1.4.0.RELEASE" status="release" pubdate="20121010130641" resolver="Spring Release Repository" artresolver="Spring Release Repository" homepage="" downloaded="false" searched="false" default="false" conf="default(compile), default, compile, runtime, master" position="11">
				<metadata-artifact status="no" details="" size="7334" time="0" location="/Users/michaelazerhad/.ivy2/cache/org.springframework.data/spring-data-commons-core/ivy-1.4.0.RELEASE.xml" searched="false" origin-is-local="false" origin-location="https://repo.springsource.org/libs-release/org/springframework/data/spring-data-commons-core/1.4.0.RELEASE/spring-data-commons-core-1.4.0.RELEASE.pom"/>
				<caller organisation="com.example" name="testconverter$sources_javadoc_2.10" conf="test, compile, runtime" rev="1.4.0.RELEASE" rev-constraint-default="1.4.0.RELEASE" rev-constraint-dynamic="1.4.0.RELEASE" callerrev="1.0-SNAPSHOT"/>
				<artifacts>
					<artifact name="spring-data-commons-core" type="jar" ext="jar" status="no" details="" size="265010" time="0" location="/Users/michaelazerhad/.ivy2/cache/org.springframework.data/spring-data-commons-core/jars/spring-data-commons-core-1.4.0.RELEASE.jar">
						<origin-location is-local="false" location="https://repo.springsource.org/libs-release/org/springframework/data/spring-data-commons-core/1.4.0.RELEASE/spring-data-commons-core-1.4.0.RELEASE.jar"/>
					</artifact>
					<artifact name="spring-data-commons-core" type="doc" ext="jar" extra-classifier="javadoc" status="successful" details="" size="1091964" time="2921" location="/Users/michaelazerhad/.ivy2/cache/org.springframework.data/spring-data-commons-core/docs/spring-data-commons-core-1.4.0.RELEASE-javadoc.jar">
						<origin-location is-local="false" location="https://repo.springsource.org/libs-release/org/springframework/data/spring-data-commons-core/1.4.0.RELEASE/spring-data-commons-core-1.4.0.RELEASE-javadoc.jar"/>
					</artifact>
					<artifact name="spring-data-commons-core" type="src" ext="jar" extra-classifier="sources" status="successful" details="" size="243039" time="993" location="/Users/michaelazerhad/.ivy2/cache/org.springframework.data/spring-data-commons-core/srcs/spring-data-commons-core-1.4.0.RELEASE-sources.jar">
						<origin-location is-local="false" location="https://repo.springsource.org/libs-release/org/springframework/data/spring-data-commons-core/1.4.0.RELEASE/spring-data-commons-core-1.4.0.RELEASE-sources.jar"/>
					</artifact>
				</artifacts>
			</revision>
		</module>
		<module organisation="org.codehaus.jackson" name="jackson-mapper-asl">
			<revision name="1.9.7" status="release" pubdate="20120507220943" resolver="Spring Release Repository" artresolver="Spring Release Repository" homepage="http://jackson.codehaus.org" downloaded="false" searched="false" default="false" conf="default(compile), default, compile, runtime, master" position="39">
				<license name="The Apache Software License, Version 2.0" url="http://www.apache.org/licenses/LICENSE-2.0.txt"/>
				<metadata-artifact status="no" details="" size="2653" time="0" location="/Users/michaelazerhad/.ivy2/cache/org.codehaus.jackson/jackson-mapper-asl/ivy-1.9.7.xml" searched="false" origin-is-local="false" origin-location="https://repo.springsource.org/libs-release/org/codehaus/jackson/jackson-mapper-asl/1.9.7/jackson-mapper-asl-1.9.7.pom"/>
				<caller organisation="com.example" name="testconverter$sources_javadoc_2.10" conf="test, compile, runtime" rev="1.9.7" rev-constraint-default="1.9.7" rev-constraint-dynamic="1.9.7" callerrev="1.0-SNAPSHOT"/>
				<artifacts>
					<artifact name="jackson-mapper-asl" type="jar" ext="jar" status="no" details="" size="780301" time="0" location="/Users/michaelazerhad/.ivy2/cache/org.codehaus.jackson/jackson-mapper-asl/jars/jackson-mapper-asl-1.9.7.jar">
						<origin-location is-local="false" location="https://repo.springsource.org/libs-release/org/codehaus/jackson/jackson-mapper-asl/1.9.7/jackson-mapper-asl-1.9.7.jar"/>
					</artifact>
					<artifact name="jackson-mapper-asl" type="src" ext="jar" extra-classifier="sources" status="successful" details="" size="548010" time="1189" location="/Users/michaelazerhad/.ivy2/cache/org.codehaus.jackson/jackson-mapper-asl/srcs/jackson-mapper-asl-1.9.7-sources.jar">
						<origin-location is-local="false" location="https://repo.springsource.org/libs-release/org/codehaus/jackson/jackson-mapper-asl/1.9.7/jackson-mapper-asl-1.9.7-sources.jar"/>
					</artifact>
					<artifact name="jackson-mapper-asl" type="doc" ext="jar" extra-classifier="javadoc" status="failed" details="missing artifact" size="0" time="122"/>
				</artifacts>
			</revision>
		</module>
		<module organisation="org.codehaus.jackson" name="jackson-core-asl">
			<revision name="1.9.7" status="release" pubdate="20120507220944" resolver="Spring Release Repository" artresolver="Spring Release Repository" homepage="http://jackson.codehaus.org" downloaded="false" searched="false" default="false" conf="default(compile), default, compile, runtime, master" position="38">
				<license name="The Apache Software License, Version 2.0" url="http://www.apache.org/licenses/LICENSE-2.0.txt"/>
				<metadata-artifact status="no" details="" size="2437" time="0" location="/Users/michaelazerhad/.ivy2/cache/org.codehaus.jackson/jackson-core-asl/ivy-1.9.7.xml" searched="false" origin-is-local="false" origin-location="https://repo.springsource.org/libs-release/org/codehaus/jackson/jackson-core-asl/1.9.7/jackson-core-asl-1.9.7.pom"/>
				<caller organisation="com.example" name="testconverter$sources_javadoc_2.10" conf="test, compile, runtime" rev="1.9.7" rev-constraint-default="1.9.7" rev-constraint-dynamic="1.9.7" callerrev="1.0-SNAPSHOT"/>
				<artifacts>
					<artifact name="jackson-core-asl" type="jar" ext="jar" status="no" details="" size="228552" time="0" location="/Users/michaelazerhad/.ivy2/cache/org.codehaus.jackson/jackson-core-asl/jars/jackson-core-asl-1.9.7.jar">
						<origin-location is-local="false" location="https://repo.springsource.org/libs-release/org/codehaus/jackson/jackson-core-asl/1.9.7/jackson-core-asl-1.9.7.jar"/>
					</artifact>
					<artifact name="jackson-core-asl" type="doc" ext="jar" extra-classifier="javadoc" status="failed" details="missing artifact" size="0" time="138"/>
					<artifact name="jackson-core-asl" type="src" ext="jar" extra-classifier="sources" status="successful" details="" size="235992" time="1137" location="/Users/michaelazerhad/.ivy2/cache/org.codehaus.jackson/jackson-core-asl/srcs/jackson-core-asl-1.9.7-sources.jar">
						<origin-location is-local="false" location="https://repo.springsource.org/libs-release/org/codehaus/jackson/jackson-core-asl/1.9.7/jackson-core-asl-1.9.7-sources.jar"/>
					</artifact>
				</artifacts>
			</revision>
		</module>
		<module organisation="org.springframework" name="spring-aspects">
			<revision name="3.2.0.RELEASE" status="release" pubdate="20121213185027" resolver="Spring Release Repository" artresolver="Spring Release Repository" homepage="https://github.com/SpringSource/spring-framework" downloaded="false" searched="false" default="false" conf="default(compile), default, compile, runtime, master" position="6">
				<license name="The Apache Software License, Version 2.0" url="http://www.apache.org/licenses/LICENSE-2.0.txt"/>
				<metadata-artifact status="no" details="" size="3550" time="0" location="/Users/michaelazerhad/.ivy2/cache/org.springframework/spring-aspects/ivy-3.2.0.RELEASE.xml" searched="false" origin-is-local="false" origin-location="https://repo.springsource.org/libs-release/org/springframework/spring-aspects/3.2.0.RELEASE/spring-aspects-3.2.0.RELEASE.pom"/>
				<caller organisation="com.example" name="testconverter$sources_javadoc_2.10" conf="test, compile, runtime" rev="3.2.0.RELEASE" rev-constraint-default="3.2.0.RELEASE" rev-constraint-dynamic="3.2.0.RELEASE" callerrev="1.0-SNAPSHOT"/>
				<artifacts>
					<artifact name="spring-aspects" type="src" ext="jar" extra-classifier="sources" status="successful" details="" size="30668" time="510" location="/Users/michaelazerhad/.ivy2/cache/org.springframework/spring-aspects/srcs/spring-aspects-3.2.0.RELEASE-sources.jar">
						<origin-location is-local="false" location="https://repo.springsource.org/libs-release/org/springframework/spring-aspects/3.2.0.RELEASE/spring-aspects-3.2.0.RELEASE-sources.jar"/>
					</artifact>
					<artifact name="spring-aspects" type="doc" ext="jar" extra-classifier="javadoc" status="successful" details="" size="71273" time="719" location="/Users/michaelazerhad/.ivy2/cache/org.springframework/spring-aspects/docs/spring-aspects-3.2.0.RELEASE-javadoc.jar">
						<origin-location is-local="false" location="https://repo.springsource.org/libs-release/org/springframework/spring-aspects/3.2.0.RELEASE/spring-aspects-3.2.0.RELEASE-javadoc.jar"/>
					</artifact>
					<artifact name="spring-aspects" type="jar" ext="jar" status="no" details="" size="69808" time="0" location="/Users/michaelazerhad/.ivy2/cache/org.springframework/spring-aspects/jars/spring-aspects-3.2.0.RELEASE.jar">
						<origin-location is-local="false" location="https://repo.springsource.org/libs-release/org/springframework/spring-aspects/3.2.0.RELEASE/spring-aspects-3.2.0.RELEASE.jar"/>
					</artifact>
				</artifacts>
			</revision>
		</module>
		<module organisation="org.springframework" name="spring-context-support">
			<revision name="3.2.0.RELEASE" status="release" pubdate="20121213185029" resolver="Spring Release Repository" artresolver="Spring Release Repository" homepage="https://github.com/SpringSource/spring-framework" downloaded="false" searched="false" default="false" conf="default(compile), default, compile, runtime, master" position="8">
				<license name="The Apache Software License, Version 2.0" url="http://www.apache.org/licenses/LICENSE-2.0.txt"/>
				<metadata-artifact status="no" details="" size="4472" time="0" location="/Users/michaelazerhad/.ivy2/cache/org.springframework/spring-context-support/ivy-3.2.0.RELEASE.xml" searched="false" origin-is-local="false" origin-location="https://repo.springsource.org/libs-release/org/springframework/spring-context-support/3.2.0.RELEASE/spring-context-support-3.2.0.RELEASE.pom"/>
				<caller organisation="com.example" name="testconverter$sources_javadoc_2.10" conf="test, compile, runtime" rev="3.2.0.RELEASE" rev-constraint-default="3.2.0.RELEASE" rev-constraint-dynamic="3.2.0.RELEASE" callerrev="1.0-SNAPSHOT"/>
				<artifacts>
					<artifact name="spring-context-support" type="src" ext="jar" extra-classifier="sources" status="successful" details="" size="133826" time="1204" location="/Users/michaelazerhad/.ivy2/cache/org.springframework/spring-context-support/srcs/spring-context-support-3.2.0.RELEASE-sources.jar">
						<origin-location is-local="false" location="https://repo.springsource.org/libs-release/org/springframework/spring-context-support/3.2.0.RELEASE/spring-context-support-3.2.0.RELEASE-sources.jar"/>
					</artifact>
					<artifact name="spring-context-support" type="doc" ext="jar" extra-classifier="javadoc" status="successful" details="" size="370093" time="1366" location="/Users/michaelazerhad/.ivy2/cache/org.springframework/spring-context-support/docs/spring-context-support-3.2.0.RELEASE-javadoc.jar">
						<origin-location is-local="false" location="https://repo.springsource.org/libs-release/org/springframework/spring-context-support/3.2.0.RELEASE/spring-context-support-3.2.0.RELEASE-javadoc.jar"/>
					</artifact>
					<artifact name="spring-context-support" type="jar" ext="jar" status="no" details="" size="127093" time="0" location="/Users/michaelazerhad/.ivy2/cache/org.springframework/spring-context-support/jars/spring-context-support-3.2.0.RELEASE.jar">
						<origin-location is-local="false" location="https://repo.springsource.org/libs-release/org/springframework/spring-context-support/3.2.0.RELEASE/spring-context-support-3.2.0.RELEASE.jar"/>
					</artifact>
				</artifacts>
			</revision>
		</module>
		<module organisation="org.springframework" name="spring-orm">
			<revision name="3.2.0.RELEASE" status="release" pubdate="20121213174158" resolver="Spring Release Repository" artresolver="Spring Release Repository" homepage="https://github.com/SpringSource/spring-framework" downloaded="false" searched="false" default="false" conf="default(compile), default, compile, runtime, master" position="14">
				<license name="The Apache Software License, Version 2.0" url="http://www.apache.org/licenses/LICENSE-2.0.txt"/>
				<metadata-artifact status="no" details="" size="5254" time="0" location="/Users/michaelazerhad/.ivy2/cache/org.springframework/spring-orm/ivy-3.2.0.RELEASE.xml" searched="false" origin-is-local="false" origin-location="https://repo.springsource.org/libs-release/org/springframework/spring-orm/3.2.0.RELEASE/spring-orm-3.2.0.RELEASE.pom"/>
				<caller organisation="com.example" name="testconverter$sources_javadoc_2.10" conf="test, compile, runtime" rev="3.2.0.RELEASE" rev-constraint-default="3.2.0.RELEASE" rev-constraint-dynamic="3.2.0.RELEASE" callerrev="1.0-SNAPSHOT"/>
				<artifacts>
					<artifact name="spring-orm" type="doc" ext="jar" extra-classifier="javadoc" status="successful" details="" size="753772" time="1917" location="/Users/michaelazerhad/.ivy2/cache/org.springframework/spring-orm/docs/spring-orm-3.2.0.RELEASE-javadoc.jar">
						<origin-location is-local="false" location="https://repo.springsource.org/libs-release/org/springframework/spring-orm/3.2.0.RELEASE/spring-orm-3.2.0.RELEASE-javadoc.jar"/>
					</artifact>
					<artifact name="spring-orm" type="jar" ext="jar" status="no" details="" size="392189" time="0" location="/Users/michaelazerhad/.ivy2/cache/org.springframework/spring-orm/jars/spring-orm-3.2.0.RELEASE.jar">
						<origin-location is-local="false" location="https://repo.springsource.org/libs-release/org/springframework/spring-orm/3.2.0.RELEASE/spring-orm-3.2.0.RELEASE.jar"/>
					</artifact>
					<artifact name="spring-orm" type="src" ext="jar" extra-classifier="sources" status="successful" details="" size="334485" time="1066" location="/Users/michaelazerhad/.ivy2/cache/org.springframework/spring-orm/srcs/spring-orm-3.2.0.RELEASE-sources.jar">
						<origin-location is-local="false" location="https://repo.springsource.org/libs-release/org/springframework/spring-orm/3.2.0.RELEASE/spring-orm-3.2.0.RELEASE-sources.jar"/>
					</artifact>
				</artifacts>
			</revision>
		</module>
		<module organisation="org.springframework" name="spring-web">
			<revision name="3.2.0.RELEASE" status="release" pubdate="20121213184314" resolver="Spring Release Repository" artresolver="Spring Release Repository" homepage="https://github.com/SpringSource/spring-framework" downloaded="false" searched="false" default="false" conf="default(compile), default, compile, runtime, master" position="17">
				<license name="The Apache Software License, Version 2.0" url="http://www.apache.org/licenses/LICENSE-2.0.txt"/>
				<metadata-artifact status="no" details="" size="6055" time="0" location="/Users/michaelazerhad/.ivy2/cache/org.springframework/spring-web/ivy-3.2.0.RELEASE.xml" searched="false" origin-is-local="false" origin-location="https://repo.springsource.org/libs-release/org/springframework/spring-web/3.2.0.RELEASE/spring-web-3.2.0.RELEASE.pom"/>
				<caller organisation="com.example" name="testconverter$sources_javadoc_2.10" conf="test, compile, runtime" rev="3.2.0.RELEASE" rev-constraint-default="3.2.0.RELEASE" rev-constraint-dynamic="3.2.0.RELEASE" callerrev="1.0-SNAPSHOT"/>
				<artifacts>
					<artifact name="spring-web" type="src" ext="jar" extra-classifier="sources" status="successful" details="" size="627919" time="1709" location="/Users/michaelazerhad/.ivy2/cache/org.springframework/spring-web/srcs/spring-web-3.2.0.RELEASE-sources.jar">
						<origin-location is-local="false" location="https://repo.springsource.org/libs-release/org/springframework/spring-web/3.2.0.RELEASE/spring-web-3.2.0.RELEASE-sources.jar"/>
					</artifact>
					<artifact name="spring-web" type="doc" ext="jar" extra-classifier="javadoc" status="successful" details="" size="1588972" time="3255" location="/Users/michaelazerhad/.ivy2/cache/org.springframework/spring-web/docs/spring-web-3.2.0.RELEASE-javadoc.jar">
						<origin-location is-local="false" location="https://repo.springsource.org/libs-release/org/springframework/spring-web/3.2.0.RELEASE/spring-web-3.2.0.RELEASE-javadoc.jar"/>
					</artifact>
					<artifact name="spring-web" type="jar" ext="jar" status="no" details="" size="624327" time="0" location="/Users/michaelazerhad/.ivy2/cache/org.springframework/spring-web/jars/spring-web-3.2.0.RELEASE.jar">
						<origin-location is-local="false" location="https://repo.springsource.org/libs-release/org/springframework/spring-web/3.2.0.RELEASE/spring-web-3.2.0.RELEASE.jar"/>
					</artifact>
				</artifacts>
			</revision>
		</module>
		<module organisation="org.springframework" name="spring-jdbc">
			<revision name="3.2.0.RELEASE" status="release" pubdate="20121213174159" resolver="Spring Release Repository" artresolver="Spring Release Repository" homepage="https://github.com/SpringSource/spring-framework" downloaded="false" searched="false" default="false" conf="default(compile), default, compile, runtime, master" position="12">
				<license name="The Apache Software License, Version 2.0" url="http://www.apache.org/licenses/LICENSE-2.0.txt"/>
				<metadata-artifact status="no" details="" size="3730" time="0" location="/Users/michaelazerhad/.ivy2/cache/org.springframework/spring-jdbc/ivy-3.2.0.RELEASE.xml" searched="false" origin-is-local="false" origin-location="https://repo.springsource.org/libs-release/org/springframework/spring-jdbc/3.2.0.RELEASE/spring-jdbc-3.2.0.RELEASE.pom"/>
				<caller organisation="com.example" name="testconverter$sources_javadoc_2.10" conf="test, compile, runtime" rev="3.2.0.RELEASE" rev-constraint-default="3.2.0.RELEASE" rev-constraint-dynamic="3.2.0.RELEASE" callerrev="1.0-SNAPSHOT"/>
				<artifacts>
					<artifact name="spring-jdbc" type="src" ext="jar" extra-classifier="sources" status="successful" details="" size="421638" time="937" location="/Users/michaelazerhad/.ivy2/cache/org.springframework/spring-jdbc/srcs/spring-jdbc-3.2.0.RELEASE-sources.jar">
						<origin-location is-local="false" location="https://repo.springsource.org/libs-release/org/springframework/spring-jdbc/3.2.0.RELEASE/spring-jdbc-3.2.0.RELEASE-sources.jar"/>
					</artifact>
					<artifact name="spring-jdbc" type="jar" ext="jar" status="no" details="" size="400949" time="0" location="/Users/michaelazerhad/.ivy2/cache/org.springframework/spring-jdbc/jars/spring-jdbc-3.2.0.RELEASE.jar">
						<origin-location is-local="false" location="https://repo.springsource.org/libs-release/org/springframework/spring-jdbc/3.2.0.RELEASE/spring-jdbc-3.2.0.RELEASE.jar"/>
					</artifact>
					<artifact name="spring-jdbc" type="doc" ext="jar" extra-classifier="javadoc" status="successful" details="" size="1065678" time="2436" location="/Users/michaelazerhad/.ivy2/cache/org.springframework/spring-jdbc/docs/spring-jdbc-3.2.0.RELEASE-javadoc.jar">
						<origin-location is-local="false" location="https://repo.springsource.org/libs-release/org/springframework/spring-jdbc/3.2.0.RELEASE/spring-jdbc-3.2.0.RELEASE-javadoc.jar"/>
					</artifact>
				</artifacts>
			</revision>
		</module>
		<module organisation="org.springframework" name="spring-tx">
			<revision name="3.2.0.RELEASE" status="release" pubdate="20121213174158" resolver="Spring Release Repository" artresolver="Spring Release Repository" homepage="https://github.com/SpringSource/spring-framework" downloaded="false" searched="false" default="false" conf="default(compile), default, compile, runtime, master" position="13">
				<license name="The Apache Software License, Version 2.0" url="http://www.apache.org/licenses/LICENSE-2.0.txt"/>
				<metadata-artifact status="no" details="" size="3645" time="0" location="/Users/michaelazerhad/.ivy2/cache/org.springframework/spring-tx/ivy-3.2.0.RELEASE.xml" searched="false" origin-is-local="false" origin-location="https://repo.springsource.org/libs-release/org/springframework/spring-tx/3.2.0.RELEASE/spring-tx-3.2.0.RELEASE.pom"/>
				<caller organisation="com.example" name="testconverter$sources_javadoc_2.10" conf="test, compile, runtime" rev="3.2.0.RELEASE" rev-constraint-default="3.2.0.RELEASE" rev-constraint-dynamic="3.2.0.RELEASE" callerrev="1.0-SNAPSHOT"/>
				<artifacts>
					<artifact name="spring-tx" type="doc" ext="jar" extra-classifier="javadoc" status="successful" details="" size="782604" time="2246" location="/Users/michaelazerhad/.ivy2/cache/org.springframework/spring-tx/docs/spring-tx-3.2.0.RELEASE-javadoc.jar">
						<origin-location is-local="false" location="https://repo.springsource.org/libs-release/org/springframework/spring-tx/3.2.0.RELEASE/spring-tx-3.2.0.RELEASE-javadoc.jar"/>
					</artifact>
					<artifact name="spring-tx" type="jar" ext="jar" status="no" details="" size="240944" time="0" location="/Users/michaelazerhad/.ivy2/cache/org.springframework/spring-tx/jars/spring-tx-3.2.0.RELEASE.jar">
						<origin-location is-local="false" location="https://repo.springsource.org/libs-release/org/springframework/spring-tx/3.2.0.RELEASE/spring-tx-3.2.0.RELEASE.jar"/>
					</artifact>
					<artifact name="spring-tx" type="src" ext="jar" extra-classifier="sources" status="successful" details="" size="278110" time="1040" location="/Users/michaelazerhad/.ivy2/cache/org.springframework/spring-tx/srcs/spring-tx-3.2.0.RELEASE-sources.jar">
						<origin-location is-local="false" location="https://repo.springsource.org/libs-release/org/springframework/spring-tx/3.2.0.RELEASE/spring-tx-3.2.0.RELEASE-sources.jar"/>
					</artifact>
				</artifacts>
			</revision>
		</module>
		<module organisation="org.springframework" name="spring-context">
			<revision name="3.2.0.RELEASE" status="release" pubdate="20121213174201" resolver="Spring Release Repository" artresolver="Spring Release Repository" homepage="https://github.com/SpringSource/spring-framework" downloaded="false" searched="false" default="false" conf="default(compile), default, compile, runtime, master" position="9">
				<license name="The Apache Software License, Version 2.0" url="http://www.apache.org/licenses/LICENSE-2.0.txt"/>
				<metadata-artifact status="no" details="" size="4896" time="0" location="/Users/michaelazerhad/.ivy2/cache/org.springframework/spring-context/ivy-3.2.0.RELEASE.xml" searched="false" origin-is-local="false" origin-location="https://repo.springsource.org/libs-release/org/springframework/spring-context/3.2.0.RELEASE/spring-context-3.2.0.RELEASE.pom"/>
				<caller organisation="com.example" name="testconverter$sources_javadoc_2.10" conf="test, compile, runtime" rev="3.2.0.RELEASE" rev-constraint-default="3.2.0.RELEASE" rev-constraint-dynamic="3.2.0.RELEASE" callerrev="1.0-SNAPSHOT"/>
				<artifacts>
					<artifact name="spring-context" type="doc" ext="jar" extra-classifier="javadoc" status="successful" details="" size="2149839" time="3903" location="/Users/michaelazerhad/.ivy2/cache/org.springframework/spring-context/docs/spring-context-3.2.0.RELEASE-javadoc.jar">
						<origin-location is-local="false" location="https://repo.springsource.org/libs-release/org/springframework/spring-context/3.2.0.RELEASE/spring-context-3.2.0.RELEASE-javadoc.jar"/>
					</artifact>
					<artifact name="spring-context" type="jar" ext="jar" status="no" details="" size="854027" time="0" location="/Users/michaelazerhad/.ivy2/cache/org.springframework/spring-context/jars/spring-context-3.2.0.RELEASE.jar">
						<origin-location is-local="false" location="https://repo.springsource.org/libs-release/org/springframework/spring-context/3.2.0.RELEASE/spring-context-3.2.0.RELEASE.jar"/>
					</artifact>
					<artifact name="spring-context" type="src" ext="jar" extra-classifier="sources" status="successful" details="" size="864956" time="2021" location="/Users/michaelazerhad/.ivy2/cache/org.springframework/spring-context/srcs/spring-context-3.2.0.RELEASE-sources.jar">
						<origin-location is-local="false" location="https://repo.springsource.org/libs-release/org/springframework/spring-context/3.2.0.RELEASE/spring-context-3.2.0.RELEASE-sources.jar"/>
					</artifact>
				</artifacts>
			</revision>
		</module>
		<module organisation="org.springframework" name="spring-expression">
			<revision name="3.2.0.RELEASE" status="release" pubdate="20121213174204" resolver="Spring Release Repository" artresolver="Spring Release Repository" homepage="https://github.com/SpringSource/spring-framework" downloaded="false" searched="false" default="false" conf="default(compile), default, compile, runtime, master" position="10">
				<license name="The Apache Software License, Version 2.0" url="http://www.apache.org/licenses/LICENSE-2.0.txt"/>
				<metadata-artifact status="no" details="" size="2620" time="0" location="/Users/michaelazerhad/.ivy2/cache/org.springframework/spring-expression/ivy-3.2.0.RELEASE.xml" searched="false" origin-is-local="false" origin-location="https://repo.springsource.org/libs-release/org/springframework/spring-expression/3.2.0.RELEASE/spring-expression-3.2.0.RELEASE.pom"/>
				<caller organisation="com.example" name="testconverter$sources_javadoc_2.10" conf="test, compile, runtime" rev="3.2.0.RELEASE" rev-constraint-default="3.2.0.RELEASE" rev-constraint-dynamic="3.2.0.RELEASE" callerrev="1.0-SNAPSHOT"/>
				<artifacts>
					<artifact name="spring-expression" type="jar" ext="jar" status="no" details="" size="193790" time="0" location="/Users/michaelazerhad/.ivy2/cache/org.springframework/spring-expression/jars/spring-expression-3.2.0.RELEASE.jar">
						<origin-location is-local="false" location="https://repo.springsource.org/libs-release/org/springframework/spring-expression/3.2.0.RELEASE/spring-expression-3.2.0.RELEASE.jar"/>
					</artifact>
					<artifact name="spring-expression" type="doc" ext="jar" extra-classifier="javadoc" status="successful" details="" size="406452" time="1296" location="/Users/michaelazerhad/.ivy2/cache/org.springframework/spring-expression/docs/spring-expression-3.2.0.RELEASE-javadoc.jar">
						<origin-location is-local="false" location="https://repo.springsource.org/libs-release/org/springframework/spring-expression/3.2.0.RELEASE/spring-expression-3.2.0.RELEASE-javadoc.jar"/>
					</artifact>
					<artifact name="spring-expression" type="src" ext="jar" extra-classifier="sources" status="successful" details="" size="159219" time="1094" location="/Users/michaelazerhad/.ivy2/cache/org.springframework/spring-expression/srcs/spring-expression-3.2.0.RELEASE-sources.jar">
						<origin-location is-local="false" location="https://repo.springsource.org/libs-release/org/springframework/spring-expression/3.2.0.RELEASE/spring-expression-3.2.0.RELEASE-sources.jar"/>
					</artifact>
				</artifacts>
			</revision>
		</module>
		<module organisation="org.springframework" name="spring-aop">
			<revision name="3.2.0.RELEASE" status="release" pubdate="20121213174203" resolver="Spring Release Repository" artresolver="Spring Release Repository" homepage="https://github.com/SpringSource/spring-framework" downloaded="false" searched="false" default="false" conf="default(compile), default, compile, runtime, master" position="1">
				<license name="The Apache Software License, Version 2.0" url="http://www.apache.org/licenses/LICENSE-2.0.txt"/>
				<metadata-artifact status="no" details="" size="3213" time="0" location="/Users/michaelazerhad/.ivy2/cache/org.springframework/spring-aop/ivy-3.2.0.RELEASE.xml" searched="false" origin-is-local="false" origin-location="https://repo.springsource.org/libs-release/org/springframework/spring-aop/3.2.0.RELEASE/spring-aop-3.2.0.RELEASE.pom"/>
				<caller organisation="com.example" name="testconverter$sources_javadoc_2.10" conf="test, compile, runtime" rev="3.2.0.RELEASE" rev-constraint-default="3.2.0.RELEASE" rev-constraint-dynamic="3.2.0.RELEASE" callerrev="1.0-SNAPSHOT"/>
				<artifacts>
					<artifact name="spring-aop" type="doc" ext="jar" extra-classifier="javadoc" status="successful" details="" size="785417" time="1792" location="/Users/michaelazerhad/.ivy2/cache/org.springframework/spring-aop/docs/spring-aop-3.2.0.RELEASE-javadoc.jar">
						<origin-location is-local="false" location="https://repo.springsource.org/libs-release/org/springframework/spring-aop/3.2.0.RELEASE/spring-aop-3.2.0.RELEASE-javadoc.jar"/>
					</artifact>
					<artifact name="spring-aop" type="jar" ext="jar" status="no" details="" size="334895" time="0" location="/Users/michaelazerhad/.ivy2/cache/org.springframework/spring-aop/jars/spring-aop-3.2.0.RELEASE.jar">
						<origin-location is-local="false" location="https://repo.springsource.org/libs-release/org/springframework/spring-aop/3.2.0.RELEASE/spring-aop-3.2.0.RELEASE.jar"/>
					</artifact>
					<artifact name="spring-aop" type="src" ext="jar" extra-classifier="sources" status="successful" details="" size="325366" time="972" location="/Users/michaelazerhad/.ivy2/cache/org.springframework/spring-aop/srcs/spring-aop-3.2.0.RELEASE-sources.jar">
						<origin-location is-local="false" location="https://repo.springsource.org/libs-release/org/springframework/spring-aop/3.2.0.RELEASE/spring-aop-3.2.0.RELEASE-sources.jar"/>
					</artifact>
				</artifacts>
			</revision>
		</module>
		<module organisation="org.springframework" name="spring-beans">
			<revision name="3.2.0.RELEASE" status="release" pubdate="20121213174155" resolver="Spring Release Repository" artresolver="Spring Release Repository" homepage="https://github.com/SpringSource/spring-framework" downloaded="false" searched="false" default="false" conf="default(compile), default, compile, runtime, master" position="5">
				<license name="The Apache Software License, Version 2.0" url="http://www.apache.org/licenses/LICENSE-2.0.txt"/>
				<metadata-artifact status="no" details="" size="2855" time="0" location="/Users/michaelazerhad/.ivy2/cache/org.springframework/spring-beans/ivy-3.2.0.RELEASE.xml" searched="false" origin-is-local="false" origin-location="https://repo.springsource.org/libs-release/org/springframework/spring-beans/3.2.0.RELEASE/spring-beans-3.2.0.RELEASE.pom"/>
				<caller organisation="com.example" name="testconverter$sources_javadoc_2.10" conf="test, compile, runtime" rev="3.2.0.RELEASE" rev-constraint-default="3.2.0.RELEASE" rev-constraint-dynamic="3.2.0.RELEASE" callerrev="1.0-SNAPSHOT"/>
				<artifacts>
					<artifact name="spring-beans" type="jar" ext="jar" status="no" details="" size="604742" time="0" location="/Users/michaelazerhad/.ivy2/cache/org.springframework/spring-beans/jars/spring-beans-3.2.0.RELEASE.jar">
						<origin-location is-local="false" location="https://repo.springsource.org/libs-release/org/springframework/spring-beans/3.2.0.RELEASE/spring-beans-3.2.0.RELEASE.jar"/>
					</artifact>
					<artifact name="spring-beans" type="doc" ext="jar" extra-classifier="javadoc" status="successful" details="" size="1291628" time="2823" location="/Users/michaelazerhad/.ivy2/cache/org.springframework/spring-beans/docs/spring-beans-3.2.0.RELEASE-javadoc.jar">
						<origin-location is-local="false" location="https://repo.springsource.org/libs-release/org/springframework/spring-beans/3.2.0.RELEASE/spring-beans-3.2.0.RELEASE-javadoc.jar"/>
					</artifact>
					<artifact name="spring-beans" type="src" ext="jar" extra-classifier="sources" status="successful" details="" size="545880" time="1556" location="/Users/michaelazerhad/.ivy2/cache/org.springframework/spring-beans/srcs/spring-beans-3.2.0.RELEASE-sources.jar">
						<origin-location is-local="false" location="https://repo.springsource.org/libs-release/org/springframework/spring-beans/3.2.0.RELEASE/spring-beans-3.2.0.RELEASE-sources.jar"/>
					</artifact>
				</artifacts>
			</revision>
		</module>
		<module organisation="org.springframework" name="spring-core">
			<revision name="3.2.0.RELEASE" status="release" pubdate="20121213174156" resolver="Spring Release Repository" artresolver="Spring Release Repository" homepage="https://github.com/SpringSource/spring-framework" downloaded="false" searched="false" default="false" conf="default(compile), default, compile, runtime, master" position="3">
				<license name="The Apache Software License, Version 2.0" url="http://www.apache.org/licenses/LICENSE-2.0.txt"/>
				<metadata-artifact status="no" details="" size="2922" time="0" location="/Users/michaelazerhad/.ivy2/cache/org.springframework/spring-core/ivy-3.2.0.RELEASE.xml" searched="false" origin-is-local="false" origin-location="https://repo.springsource.org/libs-release/org/springframework/spring-core/3.2.0.RELEASE/spring-core-3.2.0.RELEASE.pom"/>
				<caller organisation="com.example" name="testconverter$sources_javadoc_2.10" conf="test, compile, runtime" rev="3.2.0.RELEASE" rev-constraint-default="3.2.0.RELEASE" rev-constraint-dynamic="3.2.0.RELEASE" callerrev="1.0-SNAPSHOT"/>
				<artifacts>
					<artifact name="spring-core" type="jar" ext="jar" status="no" details="" size="863065" time="0" location="/Users/michaelazerhad/.ivy2/cache/org.springframework/spring-core/jars/spring-core-3.2.0.RELEASE.jar">
						<origin-location is-local="false" location="https://repo.springsource.org/libs-release/org/springframework/spring-core/3.2.0.RELEASE/spring-core-3.2.0.RELEASE.jar"/>
					</artifact>
					<artifact name="spring-core" type="src" ext="jar" extra-classifier="sources" status="successful" details="" size="471891" time="972" location="/Users/michaelazerhad/.ivy2/cache/org.springframework/spring-core/srcs/spring-core-3.2.0.RELEASE-sources.jar">
						<origin-location is-local="false" location="https://repo.springsource.org/libs-release/org/springframework/spring-core/3.2.0.RELEASE/spring-core-3.2.0.RELEASE-sources.jar"/>
					</artifact>
					<artifact name="spring-core" type="doc" ext="jar" extra-classifier="javadoc" status="successful" details="" size="1036550" time="2371" location="/Users/michaelazerhad/.ivy2/cache/org.springframework/spring-core/docs/spring-core-3.2.0.RELEASE-javadoc.jar">
						<origin-location is-local="false" location="https://repo.springsource.org/libs-release/org/springframework/spring-core/3.2.0.RELEASE/spring-core-3.2.0.RELEASE-javadoc.jar"/>
					</artifact>
				</artifacts>
			</revision>
		</module>
		<module organisation="org.aspectj" name="aspectjweaver">
			<revision name="1.7.1" status="release" pubdate="20121102230554" resolver="Spring Release Repository" artresolver="Spring Release Repository" homepage="http://www.aspectj.org" downloaded="false" searched="false" default="false" conf="default(compile), default, compile, runtime, master" position="7">
				<license name="Eclipse Public License - v 1.0" url="http://www.eclipse.org/legal/epl-v10.html"/>
				<metadata-artifact status="no" details="" size="2391" time="0" location="/Users/michaelazerhad/.ivy2/cache/org.aspectj/aspectjweaver/ivy-1.7.1.xml" searched="false" origin-is-local="false" origin-location="https://repo.springsource.org/libs-release/org/aspectj/aspectjweaver/1.7.1/aspectjweaver-1.7.1.pom"/>
				<caller organisation="com.example" name="testconverter$sources_javadoc_2.10" conf="test, compile, runtime" rev="1.7.1" rev-constraint-default="1.7.1" rev-constraint-dynamic="1.7.1" callerrev="1.0-SNAPSHOT"/>
				<artifacts>
					<artifact name="aspectjweaver" type="src" ext="jar" extra-classifier="sources" status="successful" details="" size="1390962" time="1784" location="/Users/michaelazerhad/.ivy2/cache/org.aspectj/aspectjweaver/srcs/aspectjweaver-1.7.1-sources.jar">
						<origin-location is-local="false" location="https://repo.springsource.org/libs-release/org/aspectj/aspectjweaver/1.7.1/aspectjweaver-1.7.1-sources.jar"/>
					</artifact>
					<artifact name="aspectjweaver" type="jar" ext="jar" status="no" details="" size="1791359" time="0" location="/Users/michaelazerhad/.ivy2/cache/org.aspectj/aspectjweaver/jars/aspectjweaver-1.7.1.jar">
						<origin-location is-local="false" location="https://repo.springsource.org/libs-release/org/aspectj/aspectjweaver/1.7.1/aspectjweaver-1.7.1.jar"/>
					</artifact>
					<artifact name="aspectjweaver" type="doc" ext="jar" extra-classifier="javadoc" status="successful" details="" size="2879050" time="5024" location="/Users/michaelazerhad/.ivy2/cache/org.aspectj/aspectjweaver/docs/aspectjweaver-1.7.1-javadoc.jar">
						<origin-location is-local="false" location="https://repo.springsource.org/libs-release/org/aspectj/aspectjweaver/1.7.1/aspectjweaver-1.7.1-javadoc.jar"/>
					</artifact>
				</artifacts>
			</revision>
		</module>
		<module organisation="commons-logging" name="commons-logging">
			<revision name="1.1.1" status="release" pubdate="20111109005614" resolver="Spring Release Repository" artresolver="Spring Release Repository" homepage="http://commons.apache.org/logging" downloaded="false" searched="false" default="false" conf="default(compile), default, compile, runtime, master" position="4">
				<metadata-artifact status="no" details="" size="3941" time="0" location="/Users/michaelazerhad/.ivy2/cache/commons-logging/commons-logging/ivy-1.1.1.xml" searched="false" origin-is-local="false" origin-location="https://repo.springsource.org/libs-release/commons-logging/commons-logging/1.1.1/commons-logging-1.1.1.pom"/>
				<caller organisation="com.example" name="testconverter$sources_javadoc_2.10" conf="test, compile, runtime" rev="1.1.1" rev-constraint-default="1.1.1" rev-constraint-dynamic="1.1.1" callerrev="1.0-SNAPSHOT"/>
				<artifacts>
					<artifact name="commons-logging" type="jar" ext="jar" status="no" details="" size="60686" time="0" location="/Users/michaelazerhad/.ivy2/cache/commons-logging/commons-logging/jars/commons-logging-1.1.1.jar">
						<origin-location is-local="false" location="https://repo.springsource.org/libs-release/commons-logging/commons-logging/1.1.1/commons-logging-1.1.1.jar"/>
					</artifact>
					<artifact name="commons-logging" type="doc" ext="jar" extra-classifier="javadoc" status="successful" details="" size="141399" time="1034" location="/Users/michaelazerhad/.ivy2/cache/commons-logging/commons-logging/docs/commons-logging-1.1.1-javadoc.jar">
						<origin-location is-local="false" location="https://repo.springsource.org/libs-release/commons-logging/commons-logging/1.1.1/commons-logging-1.1.1-javadoc.jar"/>
					</artifact>
					<artifact name="commons-logging" type="src" ext="jar" extra-classifier="sources" status="successful" details="" size="74976" time="666" location="/Users/michaelazerhad/.ivy2/cache/commons-logging/commons-logging/srcs/commons-logging-1.1.1-sources.jar">
						<origin-location is-local="false" location="https://repo.springsource.org/libs-release/commons-logging/commons-logging/1.1.1/commons-logging-1.1.1-sources.jar"/>
					</artifact>
				</artifacts>
			</revision>
		</module>
		<module organisation="aopalliance" name="aopalliance">
			<revision name="1.0" status="release" pubdate="20111109005605" resolver="Spring Release Repository" artresolver="Spring Release Repository" homepage="http://aopalliance.sourceforge.net" downloaded="false" searched="false" default="false" conf="default(compile), default, compile, runtime, master" position="2">
				<license name="Public Domain"/>
				<metadata-artifact status="no" details="" size="2291" time="0" location="/Users/michaelazerhad/.ivy2/cache/aopalliance/aopalliance/ivy-1.0.xml" searched="false" origin-is-local="false" origin-location="https://repo.springsource.org/libs-release/aopalliance/aopalliance/1.0/aopalliance-1.0.pom"/>
				<caller organisation="com.example" name="testconverter$sources_javadoc_2.10" conf="test, compile, runtime" rev="1.0" rev-constraint-default="1.0" rev-constraint-dynamic="1.0" callerrev="1.0-SNAPSHOT"/>
				<artifacts>
					<artifact name="aopalliance" type="jar" ext="jar" status="no" details="" size="4467" time="0" location="/Users/michaelazerhad/.ivy2/cache/aopalliance/aopalliance/jars/aopalliance-1.0.jar">
						<origin-location is-local="false" location="https://repo.springsource.org/libs-release/aopalliance/aopalliance/1.0/aopalliance-1.0.jar"/>
					</artifact>
					<artifact name="aopalliance" type="src" ext="jar" extra-classifier="sources" status="successful" details="" size="21188" time="560" location="/Users/michaelazerhad/.ivy2/cache/aopalliance/aopalliance/srcs/aopalliance-1.0-sources.jar">
						<origin-location is-local="false" location="https://repo.springsource.org/libs-release/aopalliance/aopalliance/1.0/aopalliance-1.0-sources.jar"/>
					</artifact>
					<artifact name="aopalliance" type="doc" ext="jar" extra-classifier="javadoc" status="failed" details="missing artifact" size="0" time="116"/>
				</artifacts>
			</revision>
		</module>
		<module organisation="org.scala-lang" name="scala-library">
			<revision name="2.10.0" status="release" pubdate="20130123200804" resolver="Spring Release Repository" artresolver="Spring Release Repository" homepage="http://www.scala-lang.org/" downloaded="false" searched="false" default="false" conf="default(compile), default, compile, runtime, master" position="0">
				<license name="BSD-like" url="http://www.scala-lang.org/downloads/license.html          "/>
				<metadata-artifact status="no" details="" size="2392" time="0" location="/Users/michaelazerhad/.ivy2/cache/org.scala-lang/scala-library/ivy-2.10.0.xml" searched="false" origin-is-local="false" origin-location="https://repo.springsource.org/libs-release/org/scala-lang/scala-library/2.10.0/scala-library-2.10.0.pom"/>
				<caller organisation="com.example" name="testconverter$sources_javadoc_2.10" conf="test, compile, runtime" rev="2.10.0" rev-constraint-default="2.10.0" rev-constraint-dynamic="2.10.0" callerrev="1.0-SNAPSHOT"/>
				<artifacts>
					<artifact name="scala-library" type="doc" ext="jar" extra-classifier="javadoc" status="failed" details="missing artifact" size="0" time="1162"/>
					<artifact name="scala-library" type="src" ext="jar" extra-classifier="sources" status="successful" details="" size="1054538" time="1998" location="/Users/michaelazerhad/.ivy2/cache/org.scala-lang/scala-library/srcs/scala-library-2.10.0-sources.jar">
						<origin-location is-local="false" location="https://repo.springsource.org/libs-release/org/scala-lang/scala-library/2.10.0/scala-library-2.10.0-sources.jar"/>
					</artifact>
				</artifacts>
			</revision>
		</module>
	</dependencies>
</ivy-report>
